TpTrace Verbose: 0 : 3404, 1, 2024/07/23, 14:17:19.314, 10609475387875, vstest.console.dll, Version: 17.10.0-release-24203-04 Current process architecture: X64
TpTrace Verbose: 0 : 3404, 1, 2024/07/23, 14:17:19.317, 10609475425688, vstest.console.dll, Runtime location: C:\Program Files\dotnet\shared\Microsoft.NETCore.App\8.0.6
TpTrace Verbose: 0 : 3404, 1, 2024/07/23, 14:17:19.321, 10609475461117, vstest.console.dll, ArtifactProcessingPostProcessModeProcessorExecutor.Initialize: ArtifactProcessingMode.Collect
TpTrace Verbose: 0 : 3404, 1, 2024/07/23, 14:17:19.321, 10609475462250, vstest.console.dll, TestSessionCorrelationIdProcessorModeProcessorExecutor.Initialize: TestSessionCorrelationId '57964_1059acbd-8b64-4f00-8512-9fb5e4b720a6'
TpTrace Information: 0 : 3404, 1, 2024/07/23, 14:17:19.327, 10609475523142, vstest.console.dll, FilePatternParser: The given file C:\dev\dotnet\CloudCustomers\CloudCustomer.UnitTest\bin\Debug\net8.0\fine-code-coverage\build-output\CloudCustomer.UnitTest.dll is a full path.
TpTrace Verbose: 0 : 3404, 1, 2024/07/23, 14:17:19.338, 10609475630186, vstest.console.dll, TestPluginCache.DiscoverTestExtensions: finding test extensions in assemblies ends with: RuntimeProvider.dll TPluginInfo: Microsoft.VisualStudio.TestPlatform.Common.ExtensionFramework.Utilities.TestRuntimePluginInformation TExtension: Microsoft.VisualStudio.TestPlatform.ObjectModel.Host.ITestRuntimeProvider
TpTrace Verbose: 0 : 3404, 1, 2024/07/23, 14:17:19.339, 10609475643646, vstest.console.dll, TestPluginCache.GetExtensionPaths: Filtered extension paths: 
TpTrace Verbose: 0 : 3404, 1, 2024/07/23, 14:17:19.339, 10609475644475, vstest.console.dll, TestPluginCache.GetExtensionPaths: Added default extension paths: C:\Program Files\dotnet\sdk\8.0.302\Extensions\Microsoft.Diagnostics.NETCore.Client.dll
C:\Program Files\dotnet\sdk\8.0.302\Extensions\Microsoft.TestPlatform.Extensions.BlameDataCollector.dll
C:\Program Files\dotnet\sdk\8.0.302\Extensions\Microsoft.TestPlatform.Extensions.EventLogCollector.dll
C:\Program Files\dotnet\sdk\8.0.302\Extensions\Microsoft.TestPlatform.TestHostRuntimeProvider.dll
C:\Program Files\dotnet\sdk\8.0.302\Extensions\Microsoft.VisualStudio.TestPlatform.Extensions.Html.TestLogger.dll
C:\Program Files\dotnet\sdk\8.0.302\Extensions\Microsoft.VisualStudio.TestPlatform.Extensions.Trx.TestLogger.dll
TpTrace Verbose: 0 : 3404, 1, 2024/07/23, 14:17:19.339, 10609475644693, vstest.console.dll, TestPluginCache.GetExtensionPaths: Added unfilterableExtensionPaths: 
TpTrace Information: 0 : 3404, 1, 2024/07/23, 14:17:19.340, 10609475650784, vstest.console.dll, AssemblyResolver.ctor: Creating AssemblyResolver with searchDirectories C:\Program Files\dotnet\sdk\8.0.302\Extensions,C:\Program Files\dotnet\sdk\8.0.302
TpTrace Verbose: 0 : 3404, 1, 2024/07/23, 14:17:19.341, 10609475656978, vstest.console.dll, TestPluginCache.DiscoverTestExtensions: Discovering the extensions using extension path.
TpTrace Verbose: 0 : 3404, 1, 2024/07/23, 14:17:19.341, 10609475657804, vstest.console.dll, TestPluginCache.GetExtensionPaths: Filtered extension paths: 
TpTrace Verbose: 0 : 3404, 1, 2024/07/23, 14:17:19.341, 10609475658014, vstest.console.dll, TestPluginCache.GetExtensionPaths: Added default extension paths: C:\Program Files\dotnet\sdk\8.0.302\Extensions\Microsoft.Diagnostics.NETCore.Client.dll
C:\Program Files\dotnet\sdk\8.0.302\Extensions\Microsoft.TestPlatform.Extensions.BlameDataCollector.dll
C:\Program Files\dotnet\sdk\8.0.302\Extensions\Microsoft.TestPlatform.Extensions.EventLogCollector.dll
C:\Program Files\dotnet\sdk\8.0.302\Extensions\Microsoft.TestPlatform.TestHostRuntimeProvider.dll
C:\Program Files\dotnet\sdk\8.0.302\Extensions\Microsoft.VisualStudio.TestPlatform.Extensions.Html.TestLogger.dll
C:\Program Files\dotnet\sdk\8.0.302\Extensions\Microsoft.VisualStudio.TestPlatform.Extensions.Trx.TestLogger.dll
TpTrace Verbose: 0 : 3404, 1, 2024/07/23, 14:17:19.341, 10609475658132, vstest.console.dll, TestPluginCache.GetExtensionPaths: Added unfilterableExtensionPaths: 
TpTrace Verbose: 0 : 3404, 1, 2024/07/23, 14:17:19.341, 10609475658454, vstest.console.dll, TestPluginCache.DiscoverTestExtensions: Discovering the extensions using allExtensionPaths: C:\Program Files\dotnet\sdk\8.0.302\Extensions\Microsoft.Diagnostics.NETCore.Client.dll
C:\Program Files\dotnet\sdk\8.0.302\Extensions\Microsoft.TestPlatform.Extensions.BlameDataCollector.dll
C:\Program Files\dotnet\sdk\8.0.302\Extensions\Microsoft.TestPlatform.Extensions.EventLogCollector.dll
C:\Program Files\dotnet\sdk\8.0.302\Extensions\Microsoft.TestPlatform.TestHostRuntimeProvider.dll
C:\Program Files\dotnet\sdk\8.0.302\Extensions\Microsoft.VisualStudio.TestPlatform.Extensions.Html.TestLogger.dll
C:\Program Files\dotnet\sdk\8.0.302\Extensions\Microsoft.VisualStudio.TestPlatform.Extensions.Trx.TestLogger.dll
TpTrace Information: 0 : 3404, 1, 2024/07/23, 14:17:19.341, 10609475659319, vstest.console.dll, AssemblyResolver.AddSearchDirectories: Adding more searchDirectories C:\Program Files\dotnet\sdk\8.0.302\Extensions,C:\Program Files\dotnet\sdk\8.0.302
TpTrace Information: 0 : 3404, 1, 2024/07/23, 14:17:19.341, 10609475659555, vstest.console.dll, AssemblyResolver.AddSearchDirectories: Adding more searchDirectories C:\Program Files\dotnet\sdk\8.0.302\Extensions,C:\Program Files\dotnet\sdk\8.0.302
TpTrace Information: 0 : 3404, 1, 2024/07/23, 14:17:19.341, 10609475659712, vstest.console.dll, AssemblyResolver.AddSearchDirectories: Adding more searchDirectories C:\Program Files\dotnet\sdk\8.0.302\Extensions,C:\Program Files\dotnet\sdk\8.0.302
TpTrace Information: 0 : 3404, 1, 2024/07/23, 14:17:19.341, 10609475659821, vstest.console.dll, AssemblyResolver.AddSearchDirectories: Adding more searchDirectories C:\Program Files\dotnet\sdk\8.0.302\Extensions,C:\Program Files\dotnet\sdk\8.0.302
TpTrace Information: 0 : 3404, 1, 2024/07/23, 14:17:19.341, 10609475659926, vstest.console.dll, AssemblyResolver.AddSearchDirectories: Adding more searchDirectories C:\Program Files\dotnet\sdk\8.0.302\Extensions,C:\Program Files\dotnet\sdk\8.0.302
TpTrace Information: 0 : 3404, 1, 2024/07/23, 14:17:19.341, 10609475660031, vstest.console.dll, AssemblyResolver.AddSearchDirectories: Adding more searchDirectories C:\Program Files\dotnet\sdk\8.0.302\Extensions,C:\Program Files\dotnet\sdk\8.0.302
TpTrace Information: 0 : 3404, 1, 2024/07/23, 14:17:19.341, 10609475662166, vstest.console.dll, AssemblyResolver.OnResolve: Microsoft.Diagnostics.NETCore.Client: Resolving assembly.
TpTrace Information: 0 : 3404, 1, 2024/07/23, 14:17:19.341, 10609475662679, vstest.console.dll, AssemblyResolver.OnResolve: Microsoft.Diagnostics.NETCore.Client: Searching in: 'C:\Program Files\dotnet\sdk\8.0.302\Extensions'.
TpTrace Information: 0 : 3404, 1, 2024/07/23, 14:17:19.346, 10609475711186, vstest.console.dll, AssemblyResolver.OnResolve: Microsoft.Diagnostics.NETCore.Client: Loading assembly 'C:\Program Files\dotnet\sdk\8.0.302\Extensions\Microsoft.Diagnostics.NETCore.Client.dll'.
TpTrace Information: 0 : 3404, 1, 2024/07/23, 14:17:19.348, 10609475732987, vstest.console.dll, AssemblyResolver.OnResolve: Resolved assembly: Microsoft.Diagnostics.NETCore.Client, from path: C:\Program Files\dotnet\sdk\8.0.302\Extensions\Microsoft.Diagnostics.NETCore.Client.dll
TpTrace Verbose: 0 : 3404, 1, 2024/07/23, 14:17:19.351, 10609475760253, vstest.console.dll, MetadataReaderExtensionsHelper: Discovering extensions inside assembly 'Microsoft.Diagnostics.NETCore.Client, Version=0.2.10.15101, Culture=neutral, PublicKeyToken=31bf3856ad364e35' file path 'C:\Program Files\dotnet\sdk\8.0.302\Extensions\Microsoft.Diagnostics.NETCore.Client.dll'
TpTrace Information: 0 : 3404, 1, 2024/07/23, 14:17:19.355, 10609475796786, vstest.console.dll, AssemblyResolver.OnResolve: Microsoft.Bcl.AsyncInterfaces: Resolving assembly.
TpTrace Information: 0 : 3404, 1, 2024/07/23, 14:17:19.355, 10609475797934, vstest.console.dll, AssemblyResolver.OnResolve: Microsoft.Bcl.AsyncInterfaces: Searching in: 'C:\Program Files\dotnet\sdk\8.0.302\Extensions'.
TpTrace Information: 0 : 3404, 1, 2024/07/23, 14:17:19.355, 10609475798668, vstest.console.dll, AssemblyResolver.OnResolve: Microsoft.Bcl.AsyncInterfaces: Assembly path does not exist: 'C:\Program Files\dotnet\sdk\8.0.302\Extensions\Microsoft.Bcl.AsyncInterfaces.dll', returning.
TpTrace Information: 0 : 3404, 1, 2024/07/23, 14:17:19.355, 10609475799653, vstest.console.dll, AssemblyResolver.OnResolve: Microsoft.Bcl.AsyncInterfaces: Assembly path does not exist: 'C:\Program Files\dotnet\sdk\8.0.302\Extensions\Microsoft.Bcl.AsyncInterfaces.exe', returning.
TpTrace Information: 0 : 3404, 1, 2024/07/23, 14:17:19.355, 10609475799864, vstest.console.dll, AssemblyResolver.OnResolve: Microsoft.Bcl.AsyncInterfaces: Searching in: 'C:\Program Files\dotnet\sdk\8.0.302'.
TpTrace Information: 0 : 3404, 1, 2024/07/23, 14:17:19.355, 10609475800259, vstest.console.dll, AssemblyResolver.OnResolve: Microsoft.Bcl.AsyncInterfaces: Assembly path does not exist: 'C:\Program Files\dotnet\sdk\8.0.302\Microsoft.Bcl.AsyncInterfaces.dll', returning.
TpTrace Information: 0 : 3404, 1, 2024/07/23, 14:17:19.355, 10609475800564, vstest.console.dll, AssemblyResolver.OnResolve: Microsoft.Bcl.AsyncInterfaces: Assembly path does not exist: 'C:\Program Files\dotnet\sdk\8.0.302\Microsoft.Bcl.AsyncInterfaces.exe', returning.
TpTrace Information: 0 : 3404, 1, 2024/07/23, 14:17:19.355, 10609475800799, vstest.console.dll, AssemblyResolver.OnResolve: Microsoft.Bcl.AsyncInterfaces: Failed to load assembly.
TpTrace Verbose: 0 : 3404, 1, 2024/07/23, 14:17:19.355, 10609475801067, vstest.console.dll, CurrentDomainAssemblyResolve: Resolving assembly 'Microsoft.Bcl.AsyncInterfaces'.
TpTrace Information: 0 : 3404, 1, 2024/07/23, 14:17:19.355, 10609475801565, vstest.console.dll, AssemblyResolver.OnResolve: Microsoft.Bcl.AsyncInterfaces: Resolving assembly.
TpTrace Information: 0 : 3404, 1, 2024/07/23, 14:17:19.355, 10609475801825, vstest.console.dll, AssemblyResolver.OnResolve: Microsoft.Bcl.AsyncInterfaces: Resolved from cache.
TpTrace Verbose: 0 : 3404, 1, 2024/07/23, 14:17:19.355, 10609475801991, vstest.console.dll, CurrentDomainAssemblyResolve: Resolving assembly 'Microsoft.Bcl.AsyncInterfaces'.
TpTrace Verbose: 0 : 3404, 1, 2024/07/23, 14:17:19.355, 10609475802217, vstest.console.dll, CurrentDomainAssemblyResolve: Failed to resolve assembly 'Microsoft.Bcl.AsyncInterfaces'.
TpTrace Verbose: 0 : 3404, 1, 2024/07/23, 14:17:19.359, 10609475844137, vstest.console.dll, CurrentDomainAssemblyResolve: Failed to resolve assembly 'Microsoft.Bcl.AsyncInterfaces'.
TpTrace Warning: 0 : 3404, 1, 2024/07/23, 14:17:19.375, 10609475997344, vstest.console.dll, TestPluginDiscoverer: Failed to get types from assembly 'Microsoft.Diagnostics.NETCore.Client, Version=0.2.10.15101, Culture=neutral, PublicKeyToken=31bf3856ad364e35'. Error: System.Reflection.ReflectionTypeLoadException: Unable to load one or more of the requested types.
Could not load file or assembly 'Microsoft.Bcl.AsyncInterfaces, Version=6.0.0.0, Culture=neutral, PublicKeyToken=cc7b13ffcd2ddd51'. O sistema não pode encontrar o arquivo especificado.
   at System.Reflection.RuntimeModule.GetTypes(RuntimeModule module)
   at System.Reflection.RuntimeModule.GetTypes()
   at Microsoft.VisualStudio.TestPlatform.Common.ExtensionFramework.TestPluginDiscoverer.GetTestExtensionsFromAssembly[TPluginInfo,TExtension](Assembly assembly, Dictionary`2 pluginInfos, String filePath) in /_/src/Microsoft.TestPlatform.Common/ExtensionFramework/TestPluginDiscoverer.cs:line 158
System.IO.FileNotFoundException: Could not load file or assembly 'Microsoft.Bcl.AsyncInterfaces, Version=6.0.0.0, Culture=neutral, PublicKeyToken=cc7b13ffcd2ddd51'. O sistema não pode encontrar o arquivo especificado.
File name: 'Microsoft.Bcl.AsyncInterfaces, Version=6.0.0.0, Culture=neutral, PublicKeyToken=cc7b13ffcd2ddd51'
 ---> System.IO.FileNotFoundException: Could not load file or assembly 'Microsoft.Bcl.AsyncInterfaces, Culture=neutral, PublicKeyToken=null'. O sistema não pode encontrar o arquivo especificado.
File name: 'Microsoft.Bcl.AsyncInterfaces, Culture=neutral, PublicKeyToken=null'
   at System.Reflection.RuntimeAssembly.InternalLoad(AssemblyName assemblyName, StackCrawlMark& stackMark, AssemblyLoadContext assemblyLoadContext, RuntimeAssembly requestingAssembly, Boolean throwOnFileNotFound)
   at System.Reflection.Assembly.Load(AssemblyName assemblyRef)
   at Microsoft.VisualStudio.TestPlatform.Common.ExtensionFramework.TestPluginCache.CurrentDomainAssemblyResolve(Object sender, AssemblyResolveEventArgs args) in /_/src/Microsoft.TestPlatform.Common/ExtensionFramework/TestPluginCache.cs:line 513
   at System.Runtime.Loader.AssemblyLoadContext.GetFirstResolvedAssemblyFromResolvingEvent(AssemblyName assemblyName)
   at System.Runtime.Loader.AssemblyLoadContext.ResolveUsingEvent(AssemblyName assemblyName)
   at System.Runtime.Loader.AssemblyLoadContext.ResolveUsingResolvingEvent(IntPtr gchManagedAssemblyLoadContext, AssemblyName assemblyName)
TpTrace Warning: 0 : 3404, 1, 2024/07/23, 14:17:19.375, 10609476000929, vstest.console.dll, LoaderExceptions: System.IO.FileNotFoundException: Could not load file or assembly 'Microsoft.Bcl.AsyncInterfaces, Version=6.0.0.0, Culture=neutral, PublicKeyToken=cc7b13ffcd2ddd51'. O sistema não pode encontrar o arquivo especificado.
File name: 'Microsoft.Bcl.AsyncInterfaces, Version=6.0.0.0, Culture=neutral, PublicKeyToken=cc7b13ffcd2ddd51'
 ---> System.IO.FileNotFoundException: Could not load file or assembly 'Microsoft.Bcl.AsyncInterfaces, Culture=neutral, PublicKeyToken=null'. O sistema não pode encontrar o arquivo especificado.
File name: 'Microsoft.Bcl.AsyncInterfaces, Culture=neutral, PublicKeyToken=null'
   at System.Reflection.RuntimeAssembly.InternalLoad(AssemblyName assemblyName, StackCrawlMark& stackMark, AssemblyLoadContext assemblyLoadContext, RuntimeAssembly requestingAssembly, Boolean throwOnFileNotFound)
   at System.Reflection.Assembly.Load(AssemblyName assemblyRef)
   at Microsoft.VisualStudio.TestPlatform.Common.ExtensionFramework.TestPluginCache.CurrentDomainAssemblyResolve(Object sender, AssemblyResolveEventArgs args) in /_/src/Microsoft.TestPlatform.Common/ExtensionFramework/TestPluginCache.cs:line 513
   at System.Runtime.Loader.AssemblyLoadContext.GetFirstResolvedAssemblyFromResolvingEvent(AssemblyName assemblyName)
   at System.Runtime.Loader.AssemblyLoadContext.ResolveUsingEvent(AssemblyName assemblyName)
   at System.Runtime.Loader.AssemblyLoadContext.ResolveUsingResolvingEvent(IntPtr gchManagedAssemblyLoadContext, AssemblyName assemblyName)
TpTrace Information: 0 : 3404, 1, 2024/07/23, 14:17:19.375, 10609476002406, vstest.console.dll, AssemblyResolver.OnResolve: Microsoft.TestPlatform.Extensions.BlameDataCollector: Resolving assembly.
TpTrace Information: 0 : 3404, 1, 2024/07/23, 14:17:19.375, 10609476002934, vstest.console.dll, AssemblyResolver.OnResolve: Microsoft.TestPlatform.Extensions.BlameDataCollector: Searching in: 'C:\Program Files\dotnet\sdk\8.0.302\Extensions'.
TpTrace Information: 0 : 3404, 1, 2024/07/23, 14:17:19.376, 10609476011979, vstest.console.dll, AssemblyResolver.OnResolve: Microsoft.TestPlatform.Extensions.BlameDataCollector: Loading assembly 'C:\Program Files\dotnet\sdk\8.0.302\Extensions\Microsoft.TestPlatform.Extensions.BlameDataCollector.dll'.
TpTrace Information: 0 : 3404, 1, 2024/07/23, 14:17:19.377, 10609476020236, vstest.console.dll, AssemblyResolver.OnResolve: Resolved assembly: Microsoft.TestPlatform.Extensions.BlameDataCollector, from path: C:\Program Files\dotnet\sdk\8.0.302\Extensions\Microsoft.TestPlatform.Extensions.BlameDataCollector.dll
TpTrace Verbose: 0 : 3404, 1, 2024/07/23, 14:17:19.377, 10609476020902, vstest.console.dll, MetadataReaderExtensionsHelper: Discovering extensions inside assembly 'Microsoft.TestPlatform.Extensions.BlameDataCollector, Version=15.0.0.0, Culture=neutral, PublicKeyToken=b03f5f7f11d50a3a' file path 'C:\Program Files\dotnet\sdk\8.0.302\Extensions\Microsoft.TestPlatform.Extensions.BlameDataCollector.dll'
TpTrace Information: 0 : 3404, 1, 2024/07/23, 14:17:19.380, 10609476049853, vstest.console.dll, AssemblyResolver.OnResolve: Microsoft.TestPlatform.Extensions.EventLogCollector: Resolving assembly.
TpTrace Information: 0 : 3404, 1, 2024/07/23, 14:17:19.380, 10609476051325, vstest.console.dll, AssemblyResolver.OnResolve: Microsoft.TestPlatform.Extensions.EventLogCollector: Searching in: 'C:\Program Files\dotnet\sdk\8.0.302\Extensions'.
TpTrace Information: 0 : 3404, 1, 2024/07/23, 14:17:19.381, 10609476060434, vstest.console.dll, AssemblyResolver.OnResolve: Microsoft.TestPlatform.Extensions.EventLogCollector: Loading assembly 'C:\Program Files\dotnet\sdk\8.0.302\Extensions\Microsoft.TestPlatform.Extensions.EventLogCollector.dll'.
TpTrace Information: 0 : 3404, 1, 2024/07/23, 14:17:19.382, 10609476067345, vstest.console.dll, AssemblyResolver.OnResolve: Resolved assembly: Microsoft.TestPlatform.Extensions.EventLogCollector, from path: C:\Program Files\dotnet\sdk\8.0.302\Extensions\Microsoft.TestPlatform.Extensions.EventLogCollector.dll
TpTrace Verbose: 0 : 3404, 1, 2024/07/23, 14:17:19.382, 10609476068230, vstest.console.dll, MetadataReaderExtensionsHelper: Discovering extensions inside assembly 'Microsoft.TestPlatform.Extensions.EventLogCollector, Version=15.0.0.0, Culture=neutral, PublicKeyToken=b03f5f7f11d50a3a' file path 'C:\Program Files\dotnet\sdk\8.0.302\Extensions\Microsoft.TestPlatform.Extensions.EventLogCollector.dll'
TpTrace Information: 0 : 3404, 1, 2024/07/23, 14:17:19.386, 10609476116299, vstest.console.dll, AssemblyResolver.OnResolve: Microsoft.TestPlatform.TestHostRuntimeProvider: Resolving assembly.
TpTrace Information: 0 : 3404, 1, 2024/07/23, 14:17:19.387, 10609476117258, vstest.console.dll, AssemblyResolver.OnResolve: Microsoft.TestPlatform.TestHostRuntimeProvider: Searching in: 'C:\Program Files\dotnet\sdk\8.0.302\Extensions'.
TpTrace Information: 0 : 3404, 1, 2024/07/23, 14:17:19.387, 10609476126520, vstest.console.dll, AssemblyResolver.OnResolve: Microsoft.TestPlatform.TestHostRuntimeProvider: Loading assembly 'C:\Program Files\dotnet\sdk\8.0.302\Extensions\Microsoft.TestPlatform.TestHostRuntimeProvider.dll'.
TpTrace Information: 0 : 3404, 1, 2024/07/23, 14:17:19.388, 10609476135494, vstest.console.dll, AssemblyResolver.OnResolve: Resolved assembly: Microsoft.TestPlatform.TestHostRuntimeProvider, from path: C:\Program Files\dotnet\sdk\8.0.302\Extensions\Microsoft.TestPlatform.TestHostRuntimeProvider.dll
TpTrace Verbose: 0 : 3404, 1, 2024/07/23, 14:17:19.388, 10609476136435, vstest.console.dll, MetadataReaderExtensionsHelper: Discovering extensions inside assembly 'Microsoft.TestPlatform.TestHostRuntimeProvider, Version=15.0.0.0, Culture=neutral, PublicKeyToken=b03f5f7f11d50a3a' file path 'C:\Program Files\dotnet\sdk\8.0.302\Extensions\Microsoft.TestPlatform.TestHostRuntimeProvider.dll'
TpTrace Information: 0 : 3404, 1, 2024/07/23, 14:17:19.391, 10609476159470, vstest.console.dll, GetTestExtensionFromType: Register extension with identifier data 'HostProvider://DefaultTestHost' and type 'Microsoft.VisualStudio.TestPlatform.CrossPlatEngine.Hosting.DefaultTestHostManager, Microsoft.TestPlatform.TestHostRuntimeProvider, Version=15.0.0.0, Culture=neutral, PublicKeyToken=b03f5f7f11d50a3a' inside file 'C:\Program Files\dotnet\sdk\8.0.302\Extensions\Microsoft.TestPlatform.TestHostRuntimeProvider.dll'
TpTrace Information: 0 : 3404, 1, 2024/07/23, 14:17:19.391, 10609476163057, vstest.console.dll, GetTestExtensionFromType: Register extension with identifier data 'HostProvider://DotnetTestHost' and type 'Microsoft.VisualStudio.TestPlatform.CrossPlatEngine.Hosting.DotnetTestHostManager, Microsoft.TestPlatform.TestHostRuntimeProvider, Version=15.0.0.0, Culture=neutral, PublicKeyToken=b03f5f7f11d50a3a' inside file 'C:\Program Files\dotnet\sdk\8.0.302\Extensions\Microsoft.TestPlatform.TestHostRuntimeProvider.dll'
TpTrace Information: 0 : 3404, 1, 2024/07/23, 14:17:19.391, 10609476164086, vstest.console.dll, AssemblyResolver.OnResolve: Microsoft.VisualStudio.TestPlatform.Extensions.Html.TestLogger: Resolving assembly.
TpTrace Information: 0 : 3404, 1, 2024/07/23, 14:17:19.391, 10609476164618, vstest.console.dll, AssemblyResolver.OnResolve: Microsoft.VisualStudio.TestPlatform.Extensions.Html.TestLogger: Searching in: 'C:\Program Files\dotnet\sdk\8.0.302\Extensions'.
TpTrace Information: 0 : 3404, 1, 2024/07/23, 14:17:19.392, 10609476174921, vstest.console.dll, AssemblyResolver.OnResolve: Microsoft.VisualStudio.TestPlatform.Extensions.Html.TestLogger: Loading assembly 'C:\Program Files\dotnet\sdk\8.0.302\Extensions\Microsoft.VisualStudio.TestPlatform.Extensions.Html.TestLogger.dll'.
TpTrace Information: 0 : 3404, 1, 2024/07/23, 14:17:19.394, 10609476186845, vstest.console.dll, AssemblyResolver.OnResolve: Resolved assembly: Microsoft.VisualStudio.TestPlatform.Extensions.Html.TestLogger, from path: C:\Program Files\dotnet\sdk\8.0.302\Extensions\Microsoft.VisualStudio.TestPlatform.Extensions.Html.TestLogger.dll
TpTrace Verbose: 0 : 3404, 1, 2024/07/23, 14:17:19.394, 10609476188073, vstest.console.dll, MetadataReaderExtensionsHelper: Discovering extensions inside assembly 'Microsoft.VisualStudio.TestPlatform.Extensions.Html.TestLogger, Version=15.0.0.0, Culture=neutral, PublicKeyToken=b03f5f7f11d50a3a' file path 'C:\Program Files\dotnet\sdk\8.0.302\Extensions\Microsoft.VisualStudio.TestPlatform.Extensions.Html.TestLogger.dll'
TpTrace Information: 0 : 3404, 1, 2024/07/23, 14:17:19.395, 10609476198851, vstest.console.dll, AssemblyResolver.OnResolve: Microsoft.VisualStudio.TestPlatform.Extensions.Trx.TestLogger: Resolving assembly.
TpTrace Information: 0 : 3404, 1, 2024/07/23, 14:17:19.395, 10609476199509, vstest.console.dll, AssemblyResolver.OnResolve: Microsoft.VisualStudio.TestPlatform.Extensions.Trx.TestLogger: Searching in: 'C:\Program Files\dotnet\sdk\8.0.302\Extensions'.
TpTrace Information: 0 : 3404, 1, 2024/07/23, 14:17:19.396, 10609476206955, vstest.console.dll, AssemblyResolver.OnResolve: Microsoft.VisualStudio.TestPlatform.Extensions.Trx.TestLogger: Loading assembly 'C:\Program Files\dotnet\sdk\8.0.302\Extensions\Microsoft.VisualStudio.TestPlatform.Extensions.Trx.TestLogger.dll'.
TpTrace Information: 0 : 3404, 1, 2024/07/23, 14:17:19.397, 10609476217761, vstest.console.dll, AssemblyResolver.OnResolve: Resolved assembly: Microsoft.VisualStudio.TestPlatform.Extensions.Trx.TestLogger, from path: C:\Program Files\dotnet\sdk\8.0.302\Extensions\Microsoft.VisualStudio.TestPlatform.Extensions.Trx.TestLogger.dll
TpTrace Verbose: 0 : 3404, 1, 2024/07/23, 14:17:19.397, 10609476218695, vstest.console.dll, MetadataReaderExtensionsHelper: Discovering extensions inside assembly 'Microsoft.VisualStudio.TestPlatform.Extensions.Trx.TestLogger, Version=15.0.0.0, Culture=neutral, PublicKeyToken=b03f5f7f11d50a3a' file path 'C:\Program Files\dotnet\sdk\8.0.302\Extensions\Microsoft.VisualStudio.TestPlatform.Extensions.Trx.TestLogger.dll'
TpTrace Verbose: 0 : 3404, 1, 2024/07/23, 14:17:19.398, 10609476230079, vstest.console.dll, TestPluginCache: Discovered the extensions using extension path ''.
TpTrace Verbose: 0 : 3404, 1, 2024/07/23, 14:17:19.398, 10609476230529, vstest.console.dll, TestPluginCache: Discoverers are ''.
TpTrace Verbose: 0 : 3404, 1, 2024/07/23, 14:17:19.398, 10609476230645, vstest.console.dll, TestPluginCache: Executors are ''.
TpTrace Verbose: 0 : 3404, 1, 2024/07/23, 14:17:19.398, 10609476230744, vstest.console.dll, TestPluginCache: Executors2 are ''.
TpTrace Verbose: 0 : 3404, 1, 2024/07/23, 14:17:19.398, 10609476230838, vstest.console.dll, TestPluginCache: Setting providers are ''.
TpTrace Verbose: 0 : 3404, 1, 2024/07/23, 14:17:19.398, 10609476230933, vstest.console.dll, TestPluginCache: Loggers are ''.
TpTrace Verbose: 0 : 3404, 1, 2024/07/23, 14:17:19.398, 10609476232053, vstest.console.dll, TestPluginCache: TestHosts are 'HostProvider://DefaultTestHost,HostProvider://DotnetTestHost'.
TpTrace Verbose: 0 : 3404, 1, 2024/07/23, 14:17:19.398, 10609476232213, vstest.console.dll, TestPluginCache: DataCollectors are ''.
TpTrace Information: 0 : 3404, 1, 2024/07/23, 14:17:19.416, 10609476415044, vstest.console.dll, RunTestsArgumentProcessor:Execute: Test run is starting.
TpTrace Verbose: 0 : 3404, 1, 2024/07/23, 14:17:19.416, 10609476415751, vstest.console.dll, RunTestsArgumentProcessor:Execute: Queuing Test run.
TpTrace Information: 0 : 3404, 1, 2024/07/23, 14:17:19.417, 10609476416999, vstest.console.dll, TestRequestManager.RunTests: run tests started.
TpTrace Information: 0 : 3404, 1, 2024/07/23, 14:17:19.417, 10609476425632, vstest.console.dll, AssemblyMetadataProvider.GetFrameworkName: Determined framework:'.NETCoreApp,Version=v8.0' for source: 'C:\dev\dotnet\CloudCustomers\CloudCustomer.UnitTest\bin\Debug\net8.0\fine-code-coverage\build-output\CloudCustomer.UnitTest.dll'
TpTrace Information: 0 : 3404, 1, 2024/07/23, 14:17:19.418, 10609476426901, vstest.console.dll, Determined framework for all sources: .NETCoreApp,Version=v8.0
TpTrace Verbose: 0 : 3404, 1, 2024/07/23, 14:17:19.418, 10609476429137, vstest.console.dll, TestRequestManager.UpdateRunSettingsIfRequired: Default architecture: X64 IsDefaultTargetArchitecture: True, Current process architecture: X64 OperatingSystem: Windows.
TpTrace Information: 0 : 3404, 1, 2024/07/23, 14:17:19.419, 10609476439008, vstest.console.dll, AssemblyMetadataProvider.GetArchitecture: Determined architecture:AnyCPU info for assembly: C:\dev\dotnet\CloudCustomers\CloudCustomer.UnitTest\bin\Debug\net8.0\fine-code-coverage\build-output\CloudCustomer.UnitTest.dll
TpTrace Information: 0 : 3404, 1, 2024/07/23, 14:17:19.419, 10609476439390, vstest.console.dll, Determined platform for source 'C:\dev\dotnet\CloudCustomers\CloudCustomer.UnitTest\bin\Debug\net8.0\fine-code-coverage\build-output\CloudCustomer.UnitTest.dll' was AnyCPU and it will use the default plaform X64.
TpTrace Information: 0 : 3404, 1, 2024/07/23, 14:17:19.419, 10609476439516, vstest.console.dll, None of the sources provided any runnable platform, using the default platform: X64
TpTrace Information: 0 : 3404, 1, 2024/07/23, 14:17:19.419, 10609476440075, vstest.console.dll, Platform was updated to 'X64'.
TpTrace Information: 0 : 3404, 1, 2024/07/23, 14:17:19.424, 10609476488729, vstest.console.dll, InferRunSettingsHelper.IsTestSettingsEnabled: Unable to navigate to RunSettings/MSTest. Current node: RunSettings
TpTrace Information: 0 : 3404, 1, 2024/07/23, 14:17:19.424, 10609476496035, vstest.console.dll, AssemblyResolver.OnResolve: Microsoft.VisualStudio.TestPlatform.Fakes: Resolving assembly.
TpTrace Information: 0 : 3404, 1, 2024/07/23, 14:17:19.425, 10609476496971, vstest.console.dll, AssemblyResolver.OnResolve: Microsoft.VisualStudio.TestPlatform.Fakes: Searching in: 'C:\Program Files\dotnet\sdk\8.0.302\Extensions'.
TpTrace Information: 0 : 3404, 1, 2024/07/23, 14:17:19.425, 10609476497923, vstest.console.dll, AssemblyResolver.OnResolve: Microsoft.VisualStudio.TestPlatform.Fakes: Assembly path does not exist: 'C:\Program Files\dotnet\sdk\8.0.302\Extensions\Microsoft.VisualStudio.TestPlatform.Fakes.dll', returning.
TpTrace Information: 0 : 3404, 1, 2024/07/23, 14:17:19.425, 10609476498153, vstest.console.dll, AssemblyResolver.OnResolve: Microsoft.VisualStudio.TestPlatform.Fakes: Assembly path does not exist: 'C:\Program Files\dotnet\sdk\8.0.302\Extensions\Microsoft.VisualStudio.TestPlatform.Fakes.exe', returning.
TpTrace Information: 0 : 3404, 1, 2024/07/23, 14:17:19.425, 10609476498256, vstest.console.dll, AssemblyResolver.OnResolve: Microsoft.VisualStudio.TestPlatform.Fakes: Searching in: 'C:\Program Files\dotnet\sdk\8.0.302'.
TpTrace Information: 0 : 3404, 1, 2024/07/23, 14:17:19.425, 10609476498541, vstest.console.dll, AssemblyResolver.OnResolve: Microsoft.VisualStudio.TestPlatform.Fakes: Assembly path does not exist: 'C:\Program Files\dotnet\sdk\8.0.302\Microsoft.VisualStudio.TestPlatform.Fakes.dll', returning.
TpTrace Information: 0 : 3404, 1, 2024/07/23, 14:17:19.425, 10609476498739, vstest.console.dll, AssemblyResolver.OnResolve: Microsoft.VisualStudio.TestPlatform.Fakes: Assembly path does not exist: 'C:\Program Files\dotnet\sdk\8.0.302\Microsoft.VisualStudio.TestPlatform.Fakes.exe', returning.
TpTrace Information: 0 : 3404, 1, 2024/07/23, 14:17:19.425, 10609476498839, vstest.console.dll, AssemblyResolver.OnResolve: Microsoft.VisualStudio.TestPlatform.Fakes: Failed to load assembly.
TpTrace Information: 0 : 3404, 1, 2024/07/23, 14:17:19.425, 10609476500547, vstest.console.dll, Failed to load assembly Microsoft.VisualStudio.TestPlatform.Fakes, Version=17.0.0.0, Culture=neutral. Reason:System.IO.FileNotFoundException: Could not load file or assembly 'Microsoft.VisualStudio.TestPlatform.Fakes, Version=17.0.0.0, Culture=neutral, PublicKeyToken=null'. O sistema não pode encontrar o arquivo especificado.
File name: 'Microsoft.VisualStudio.TestPlatform.Fakes, Version=17.0.0.0, Culture=neutral, PublicKeyToken=null'
   at System.Reflection.RuntimeAssembly.InternalLoad(AssemblyName assemblyName, StackCrawlMark& stackMark, AssemblyLoadContext assemblyLoadContext, RuntimeAssembly requestingAssembly, Boolean throwOnFileNotFound)
   at System.Reflection.Assembly.Load(AssemblyName assemblyRef)
   at Microsoft.VisualStudio.TestPlatform.Common.Utilities.FakesUtilities.LoadTestPlatformAssembly() in /_/src/Microsoft.TestPlatform.Common/Utilities/FakesUtilities.cs:line 272
TpTrace Verbose: 0 : 3404, 1, 2024/07/23, 14:17:19.428, 10609476534695, vstest.console.dll, TestPluginCache.DiscoverTestExtensions: finding test extensions in assemblies ends with: TestLogger.dll TPluginInfo: Microsoft.VisualStudio.TestPlatform.Common.ExtensionFramework.Utilities.TestLoggerPluginInformation TExtension: Microsoft.VisualStudio.TestPlatform.ObjectModel.Client.ITestLogger
TpTrace Verbose: 0 : 3404, 1, 2024/07/23, 14:17:19.428, 10609476535695, vstest.console.dll, TestPluginCache.GetExtensionPaths: Filtered extension paths: 
TpTrace Verbose: 0 : 3404, 1, 2024/07/23, 14:17:19.428, 10609476535920, vstest.console.dll, TestPluginCache.GetExtensionPaths: Added default extension paths: C:\Program Files\dotnet\sdk\8.0.302\Extensions\Microsoft.Diagnostics.NETCore.Client.dll
C:\Program Files\dotnet\sdk\8.0.302\Extensions\Microsoft.TestPlatform.Extensions.BlameDataCollector.dll
C:\Program Files\dotnet\sdk\8.0.302\Extensions\Microsoft.TestPlatform.Extensions.EventLogCollector.dll
C:\Program Files\dotnet\sdk\8.0.302\Extensions\Microsoft.TestPlatform.TestHostRuntimeProvider.dll
C:\Program Files\dotnet\sdk\8.0.302\Extensions\Microsoft.VisualStudio.TestPlatform.Extensions.Html.TestLogger.dll
C:\Program Files\dotnet\sdk\8.0.302\Extensions\Microsoft.VisualStudio.TestPlatform.Extensions.Trx.TestLogger.dll
TpTrace Verbose: 0 : 3404, 1, 2024/07/23, 14:17:19.428, 10609476536062, vstest.console.dll, TestPluginCache.GetExtensionPaths: Added unfilterableExtensionPaths: 
TpTrace Information: 0 : 3404, 1, 2024/07/23, 14:17:19.429, 10609476537768, vstest.console.dll, AssemblyResolver.AddSearchDirectories: Adding more searchDirectories C:\Program Files\dotnet\sdk\8.0.302\Extensions,C:\Program Files\dotnet\sdk\8.0.302
TpTrace Verbose: 0 : 3404, 1, 2024/07/23, 14:17:19.429, 10609476538230, vstest.console.dll, TestPluginCache.DiscoverTestExtensions: Discovering the extensions using extension path.
TpTrace Verbose: 0 : 3404, 1, 2024/07/23, 14:17:19.429, 10609476538482, vstest.console.dll, TestPluginCache.GetExtensionPaths: Filtered extension paths: 
TpTrace Verbose: 0 : 3404, 1, 2024/07/23, 14:17:19.429, 10609476538897, vstest.console.dll, TestPluginCache.GetExtensionPaths: Added default extension paths: C:\Program Files\dotnet\sdk\8.0.302\Extensions\Microsoft.Diagnostics.NETCore.Client.dll
C:\Program Files\dotnet\sdk\8.0.302\Extensions\Microsoft.TestPlatform.Extensions.BlameDataCollector.dll
C:\Program Files\dotnet\sdk\8.0.302\Extensions\Microsoft.TestPlatform.Extensions.EventLogCollector.dll
C:\Program Files\dotnet\sdk\8.0.302\Extensions\Microsoft.TestPlatform.TestHostRuntimeProvider.dll
C:\Program Files\dotnet\sdk\8.0.302\Extensions\Microsoft.VisualStudio.TestPlatform.Extensions.Html.TestLogger.dll
C:\Program Files\dotnet\sdk\8.0.302\Extensions\Microsoft.VisualStudio.TestPlatform.Extensions.Trx.TestLogger.dll
TpTrace Verbose: 0 : 3404, 1, 2024/07/23, 14:17:19.429, 10609476539284, vstest.console.dll, TestPluginCache.GetExtensionPaths: Added unfilterableExtensionPaths: 
TpTrace Verbose: 0 : 3404, 1, 2024/07/23, 14:17:19.429, 10609476539524, vstest.console.dll, TestPluginCache.DiscoverTestExtensions: Discovering the extensions using allExtensionPaths: C:\Program Files\dotnet\sdk\8.0.302\Extensions\Microsoft.Diagnostics.NETCore.Client.dll
C:\Program Files\dotnet\sdk\8.0.302\Extensions\Microsoft.TestPlatform.Extensions.BlameDataCollector.dll
C:\Program Files\dotnet\sdk\8.0.302\Extensions\Microsoft.TestPlatform.Extensions.EventLogCollector.dll
C:\Program Files\dotnet\sdk\8.0.302\Extensions\Microsoft.TestPlatform.TestHostRuntimeProvider.dll
C:\Program Files\dotnet\sdk\8.0.302\Extensions\Microsoft.VisualStudio.TestPlatform.Extensions.Html.TestLogger.dll
C:\Program Files\dotnet\sdk\8.0.302\Extensions\Microsoft.VisualStudio.TestPlatform.Extensions.Trx.TestLogger.dll
TpTrace Information: 0 : 3404, 1, 2024/07/23, 14:17:19.429, 10609476540220, vstest.console.dll, AssemblyResolver.AddSearchDirectories: Adding more searchDirectories C:\Program Files\dotnet\sdk\8.0.302\Extensions,C:\Program Files\dotnet\sdk\8.0.302
TpTrace Information: 0 : 3404, 1, 2024/07/23, 14:17:19.429, 10609476540476, vstest.console.dll, AssemblyResolver.AddSearchDirectories: Adding more searchDirectories C:\Program Files\dotnet\sdk\8.0.302\Extensions,C:\Program Files\dotnet\sdk\8.0.302
TpTrace Information: 0 : 3404, 1, 2024/07/23, 14:17:19.429, 10609476540648, vstest.console.dll, AssemblyResolver.AddSearchDirectories: Adding more searchDirectories C:\Program Files\dotnet\sdk\8.0.302\Extensions,C:\Program Files\dotnet\sdk\8.0.302
TpTrace Information: 0 : 3404, 1, 2024/07/23, 14:17:19.429, 10609476540796, vstest.console.dll, AssemblyResolver.AddSearchDirectories: Adding more searchDirectories C:\Program Files\dotnet\sdk\8.0.302\Extensions,C:\Program Files\dotnet\sdk\8.0.302
TpTrace Information: 0 : 3404, 1, 2024/07/23, 14:17:19.429, 10609476540914, vstest.console.dll, AssemblyResolver.AddSearchDirectories: Adding more searchDirectories C:\Program Files\dotnet\sdk\8.0.302\Extensions,C:\Program Files\dotnet\sdk\8.0.302
TpTrace Information: 0 : 3404, 1, 2024/07/23, 14:17:19.429, 10609476541068, vstest.console.dll, AssemblyResolver.AddSearchDirectories: Adding more searchDirectories C:\Program Files\dotnet\sdk\8.0.302\Extensions,C:\Program Files\dotnet\sdk\8.0.302
TpTrace Verbose: 0 : 3404, 1, 2024/07/23, 14:17:19.429, 10609476541804, vstest.console.dll, MetadataReaderExtensionsHelper: Discovering extensions inside assembly 'Microsoft.Diagnostics.NETCore.Client, Version=0.2.10.15101, Culture=neutral, PublicKeyToken=31bf3856ad364e35' file path 'C:\Program Files\dotnet\sdk\8.0.302\Extensions\Microsoft.Diagnostics.NETCore.Client.dll'
TpTrace Information: 0 : 3404, 1, 2024/07/23, 14:17:19.430, 10609476550862, vstest.console.dll, AssemblyResolver.OnResolve: Microsoft.Bcl.AsyncInterfaces: Resolving assembly.
TpTrace Information: 0 : 3404, 1, 2024/07/23, 14:17:19.430, 10609476551348, vstest.console.dll, AssemblyResolver.OnResolve: Microsoft.Bcl.AsyncInterfaces: Resolved from cache.
TpTrace Verbose: 0 : 3404, 1, 2024/07/23, 14:17:19.430, 10609476551550, vstest.console.dll, CurrentDomainAssemblyResolve: Resolving assembly 'Microsoft.Bcl.AsyncInterfaces'.
TpTrace Information: 0 : 3404, 1, 2024/07/23, 14:17:19.430, 10609476551798, vstest.console.dll, AssemblyResolver.OnResolve: Microsoft.Bcl.AsyncInterfaces: Resolving assembly.
TpTrace Information: 0 : 3404, 1, 2024/07/23, 14:17:19.430, 10609476551906, vstest.console.dll, AssemblyResolver.OnResolve: Microsoft.Bcl.AsyncInterfaces: Resolved from cache.
TpTrace Verbose: 0 : 3404, 1, 2024/07/23, 14:17:19.430, 10609476552011, vstest.console.dll, CurrentDomainAssemblyResolve: Resolving assembly 'Microsoft.Bcl.AsyncInterfaces'.
TpTrace Verbose: 0 : 3404, 1, 2024/07/23, 14:17:19.430, 10609476552116, vstest.console.dll, CurrentDomainAssemblyResolve: Failed to resolve assembly 'Microsoft.Bcl.AsyncInterfaces'.
TpTrace Verbose: 0 : 3404, 1, 2024/07/23, 14:17:19.430, 10609476553053, vstest.console.dll, CurrentDomainAssemblyResolve: Failed to resolve assembly 'Microsoft.Bcl.AsyncInterfaces'.
TpTrace Warning: 0 : 3404, 1, 2024/07/23, 14:17:19.430, 10609476555486, vstest.console.dll, TestPluginDiscoverer: Failed to get types from assembly 'Microsoft.Diagnostics.NETCore.Client, Version=0.2.10.15101, Culture=neutral, PublicKeyToken=31bf3856ad364e35'. Error: System.Reflection.ReflectionTypeLoadException: Unable to load one or more of the requested types.
Could not load file or assembly 'Microsoft.Bcl.AsyncInterfaces, Version=6.0.0.0, Culture=neutral, PublicKeyToken=cc7b13ffcd2ddd51'. O sistema não pode encontrar o arquivo especificado.
   at System.Reflection.RuntimeModule.GetTypes(RuntimeModule module)
   at System.Reflection.RuntimeModule.GetTypes()
   at Microsoft.VisualStudio.TestPlatform.Common.ExtensionFramework.TestPluginDiscoverer.GetTestExtensionsFromAssembly[TPluginInfo,TExtension](Assembly assembly, Dictionary`2 pluginInfos, String filePath) in /_/src/Microsoft.TestPlatform.Common/ExtensionFramework/TestPluginDiscoverer.cs:line 158
System.IO.FileNotFoundException: Could not load file or assembly 'Microsoft.Bcl.AsyncInterfaces, Version=6.0.0.0, Culture=neutral, PublicKeyToken=cc7b13ffcd2ddd51'. O sistema não pode encontrar o arquivo especificado.
File name: 'Microsoft.Bcl.AsyncInterfaces, Version=6.0.0.0, Culture=neutral, PublicKeyToken=cc7b13ffcd2ddd51'
 ---> System.IO.FileNotFoundException: Could not load file or assembly 'Microsoft.Bcl.AsyncInterfaces, Culture=neutral, PublicKeyToken=null'. O sistema não pode encontrar o arquivo especificado.
File name: 'Microsoft.Bcl.AsyncInterfaces, Culture=neutral, PublicKeyToken=null'
   at System.Reflection.RuntimeAssembly.InternalLoad(AssemblyName assemblyName, StackCrawlMark& stackMark, AssemblyLoadContext assemblyLoadContext, RuntimeAssembly requestingAssembly, Boolean throwOnFileNotFound)
   at System.Reflection.Assembly.Load(AssemblyName assemblyRef)
   at Microsoft.VisualStudio.TestPlatform.Common.ExtensionFramework.TestPluginCache.CurrentDomainAssemblyResolve(Object sender, AssemblyResolveEventArgs args) in /_/src/Microsoft.TestPlatform.Common/ExtensionFramework/TestPluginCache.cs:line 513
   at System.Runtime.Loader.AssemblyLoadContext.GetFirstResolvedAssemblyFromResolvingEvent(AssemblyName assemblyName)
   at System.Runtime.Loader.AssemblyLoadContext.ResolveUsingEvent(AssemblyName assemblyName)
   at System.Runtime.Loader.AssemblyLoadContext.ResolveUsingResolvingEvent(IntPtr gchManagedAssemblyLoadContext, AssemblyName assemblyName)
TpTrace Warning: 0 : 3404, 1, 2024/07/23, 14:17:19.430, 10609476556453, vstest.console.dll, LoaderExceptions: System.IO.FileNotFoundException: Could not load file or assembly 'Microsoft.Bcl.AsyncInterfaces, Version=6.0.0.0, Culture=neutral, PublicKeyToken=cc7b13ffcd2ddd51'. O sistema não pode encontrar o arquivo especificado.
File name: 'Microsoft.Bcl.AsyncInterfaces, Version=6.0.0.0, Culture=neutral, PublicKeyToken=cc7b13ffcd2ddd51'
 ---> System.IO.FileNotFoundException: Could not load file or assembly 'Microsoft.Bcl.AsyncInterfaces, Culture=neutral, PublicKeyToken=null'. O sistema não pode encontrar o arquivo especificado.
File name: 'Microsoft.Bcl.AsyncInterfaces, Culture=neutral, PublicKeyToken=null'
   at System.Reflection.RuntimeAssembly.InternalLoad(AssemblyName assemblyName, StackCrawlMark& stackMark, AssemblyLoadContext assemblyLoadContext, RuntimeAssembly requestingAssembly, Boolean throwOnFileNotFound)
   at System.Reflection.Assembly.Load(AssemblyName assemblyRef)
   at Microsoft.VisualStudio.TestPlatform.Common.ExtensionFramework.TestPluginCache.CurrentDomainAssemblyResolve(Object sender, AssemblyResolveEventArgs args) in /_/src/Microsoft.TestPlatform.Common/ExtensionFramework/TestPluginCache.cs:line 513
   at System.Runtime.Loader.AssemblyLoadContext.GetFirstResolvedAssemblyFromResolvingEvent(AssemblyName assemblyName)
   at System.Runtime.Loader.AssemblyLoadContext.ResolveUsingEvent(AssemblyName assemblyName)
   at System.Runtime.Loader.AssemblyLoadContext.ResolveUsingResolvingEvent(IntPtr gchManagedAssemblyLoadContext, AssemblyName assemblyName)
TpTrace Verbose: 0 : 3404, 1, 2024/07/23, 14:17:19.431, 10609476556965, vstest.console.dll, MetadataReaderExtensionsHelper: Discovering extensions inside assembly 'Microsoft.TestPlatform.Extensions.BlameDataCollector, Version=15.0.0.0, Culture=neutral, PublicKeyToken=b03f5f7f11d50a3a' file path 'C:\Program Files\dotnet\sdk\8.0.302\Extensions\Microsoft.TestPlatform.Extensions.BlameDataCollector.dll'
TpTrace Information: 0 : 3404, 1, 2024/07/23, 14:17:19.431, 10609476562511, vstest.console.dll, GetTestExtensionFromType: Register extension with identifier data 'logger://Microsoft/TestPlatform/Extensions/Blame/v1' and type 'Microsoft.TestPlatform.Extensions.BlameDataCollector.BlameLogger, Microsoft.TestPlatform.Extensions.BlameDataCollector, Version=15.0.0.0, Culture=neutral, PublicKeyToken=b03f5f7f11d50a3a' inside file 'C:\Program Files\dotnet\sdk\8.0.302\Extensions\Microsoft.TestPlatform.Extensions.BlameDataCollector.dll'
TpTrace Verbose: 0 : 3404, 1, 2024/07/23, 14:17:19.431, 10609476563016, vstest.console.dll, MetadataReaderExtensionsHelper: Discovering extensions inside assembly 'Microsoft.TestPlatform.Extensions.EventLogCollector, Version=15.0.0.0, Culture=neutral, PublicKeyToken=b03f5f7f11d50a3a' file path 'C:\Program Files\dotnet\sdk\8.0.302\Extensions\Microsoft.TestPlatform.Extensions.EventLogCollector.dll'
TpTrace Verbose: 0 : 3404, 1, 2024/07/23, 14:17:19.431, 10609476566260, vstest.console.dll, MetadataReaderExtensionsHelper: Discovering extensions inside assembly 'Microsoft.TestPlatform.TestHostRuntimeProvider, Version=15.0.0.0, Culture=neutral, PublicKeyToken=b03f5f7f11d50a3a' file path 'C:\Program Files\dotnet\sdk\8.0.302\Extensions\Microsoft.TestPlatform.TestHostRuntimeProvider.dll'
TpTrace Verbose: 0 : 3404, 1, 2024/07/23, 14:17:19.432, 10609476573080, vstest.console.dll, MetadataReaderExtensionsHelper: Discovering extensions inside assembly 'Microsoft.VisualStudio.TestPlatform.Extensions.Html.TestLogger, Version=15.0.0.0, Culture=neutral, PublicKeyToken=b03f5f7f11d50a3a' file path 'C:\Program Files\dotnet\sdk\8.0.302\Extensions\Microsoft.VisualStudio.TestPlatform.Extensions.Html.TestLogger.dll'
TpTrace Information: 0 : 3404, 1, 2024/07/23, 14:17:19.433, 10609476580799, vstest.console.dll, GetTestExtensionFromType: Register extension with identifier data 'logger://Microsoft/TestPlatform/HtmlLogger/v1' and type 'Microsoft.VisualStudio.TestPlatform.Extensions.HtmlLogger.HtmlLogger, Microsoft.VisualStudio.TestPlatform.Extensions.Html.TestLogger, Version=15.0.0.0, Culture=neutral, PublicKeyToken=b03f5f7f11d50a3a' inside file 'C:\Program Files\dotnet\sdk\8.0.302\Extensions\Microsoft.VisualStudio.TestPlatform.Extensions.Html.TestLogger.dll'
TpTrace Verbose: 0 : 3404, 1, 2024/07/23, 14:17:19.433, 10609476581262, vstest.console.dll, MetadataReaderExtensionsHelper: Discovering extensions inside assembly 'Microsoft.VisualStudio.TestPlatform.Extensions.Trx.TestLogger, Version=15.0.0.0, Culture=neutral, PublicKeyToken=b03f5f7f11d50a3a' file path 'C:\Program Files\dotnet\sdk\8.0.302\Extensions\Microsoft.VisualStudio.TestPlatform.Extensions.Trx.TestLogger.dll'
TpTrace Information: 0 : 3404, 1, 2024/07/23, 14:17:19.434, 10609476587036, vstest.console.dll, GetTestExtensionFromType: Register extension with identifier data 'logger://Microsoft/TestPlatform/TrxLogger/v1' and type 'Microsoft.VisualStudio.TestPlatform.Extensions.TrxLogger.TrxLogger, Microsoft.VisualStudio.TestPlatform.Extensions.Trx.TestLogger, Version=15.0.0.0, Culture=neutral, PublicKeyToken=b03f5f7f11d50a3a' inside file 'C:\Program Files\dotnet\sdk\8.0.302\Extensions\Microsoft.VisualStudio.TestPlatform.Extensions.Trx.TestLogger.dll'
TpTrace Verbose: 0 : 3404, 1, 2024/07/23, 14:17:19.434, 10609476587619, vstest.console.dll, TestPluginCache: Discovered the extensions using extension path ''.
TpTrace Verbose: 0 : 3404, 1, 2024/07/23, 14:17:19.434, 10609476587771, vstest.console.dll, TestPluginCache: Discoverers are ''.
TpTrace Verbose: 0 : 3404, 1, 2024/07/23, 14:17:19.434, 10609476587880, vstest.console.dll, TestPluginCache: Executors are ''.
TpTrace Verbose: 0 : 3404, 1, 2024/07/23, 14:17:19.434, 10609476587999, vstest.console.dll, TestPluginCache: Executors2 are ''.
TpTrace Verbose: 0 : 3404, 1, 2024/07/23, 14:17:19.434, 10609476588168, vstest.console.dll, TestPluginCache: Setting providers are ''.
TpTrace Verbose: 0 : 3404, 1, 2024/07/23, 14:17:19.434, 10609476588804, vstest.console.dll, TestPluginCache: Loggers are 'logger://Microsoft/TestPlatform/Extensions/Blame/v1,logger://Microsoft/TestPlatform/HtmlLogger/v1,logger://Microsoft/TestPlatform/TrxLogger/v1'.
TpTrace Verbose: 0 : 3404, 1, 2024/07/23, 14:17:19.434, 10609476589007, vstest.console.dll, TestPluginCache: TestHosts are 'HostProvider://DefaultTestHost,HostProvider://DotnetTestHost'.
TpTrace Verbose: 0 : 3404, 1, 2024/07/23, 14:17:19.434, 10609476589106, vstest.console.dll, TestPluginCache: DataCollectors are ''.
TpTrace Information: 0 : 3404, 1, 2024/07/23, 14:17:19.434, 10609476594940, vstest.console.dll, TestPluginManager.CreateTestExtension: Attempting to load test extension: Microsoft.TestPlatform.Extensions.BlameDataCollector.BlameLogger
TpTrace Verbose: 0 : 3404, 1, 2024/07/23, 14:17:19.446, 10609476711852, vstest.console.dll, TestEngine: Initializing Parallel Execution as MaxCpuCount is set to: 1
TpTrace Information: 0 : 3404, 1, 2024/07/23, 14:17:19.448, 10609476733423, vstest.console.dll, TestPluginManager.CreateTestExtension: Attempting to load test extension: Microsoft.VisualStudio.TestPlatform.CrossPlatEngine.Hosting.DefaultTestHostManager
TpTrace Information: 0 : 3404, 1, 2024/07/23, 14:17:19.449, 10609476742686, vstest.console.dll, TestPluginManager.CreateTestExtension: Attempting to load test extension: Microsoft.VisualStudio.TestPlatform.CrossPlatEngine.Hosting.DotnetTestHostManager
TpTrace Information: 0 : 3404, 1, 2024/07/23, 14:17:19.450, 10609476747094, vstest.console.dll, InferRunSettingsHelper.IsTestSettingsEnabled: Unable to navigate to RunSettings/MSTest. Current node: RunSettings
TpTrace Verbose: 0 : 3404, 1, 2024/07/23, 14:17:19.450, 10609476754355, vstest.console.dll, ParallelOperationManager.ClearSlots: Clearing all slots. Slots should accept more work: True
TpTrace Verbose: 0 : 3404, 1, 2024/07/23, 14:17:19.451, 10609476760149, vstest.console.dll, ParallelOperationManager.SetOccupiedSlotCount: Setting slot counts AvailableSlotCount = 1, OccupiedSlotCount = 0.
TpTrace Verbose: 0 : 3404, 1, 2024/07/23, 14:17:19.451, 10609476762151, vstest.console.dll, Occupied slots:

TpTrace Verbose: 0 : 3404, 1, 2024/07/23, 14:17:19.453, 10609476783017, vstest.console.dll, TestEngine.GetExecutionManager: Chosen execution manager 'Microsoft.VisualStudio.TestPlatform.CrossPlatEngine.Client.Parallel.ParallelProxyExecutionManager, Microsoft.TestPlatform.CrossPlatEngine, Version=15.0.0.0, Culture=neutral, PublicKeyToken=b03f5f7f11d50a3a' ParallelLevel '1'.
TpTrace Verbose: 0 : 3404, 1, 2024/07/23, 14:17:19.453, 10609476784304, vstest.console.dll, TestRunRequest.ExecuteAsync: Creating test run request.
TpTrace Verbose: 0 : 3404, 1, 2024/07/23, 14:17:19.453, 10609476785783, vstest.console.dll, TestRunRequest.ExecuteAsync: Starting.
TpTrace Information: 0 : 3404, 1, 2024/07/23, 14:17:19.454, 10609476793838, vstest.console.dll, TestRunRequest.ExecuteAsync: Starting run with settings:TestRunCriteria:
   KeepAlive=False,FrequencyOfRunStatsChangeEvent=10,RunStatsChangeEventTimeout=00:00:01.5000000,TestCaseFilter=,TestExecutorLauncher=
   Settingsxml=<RunSettings>
  <RunConfiguration>
    <ResultsDirectory>C:\dev\dotnet\CloudCustomers\CloudCustomer.UnitTest\bin\Debug\net8.0\fine-code-coverage\coverage-tool-output</ResultsDirectory>
    <TargetPlatform>X64</TargetPlatform>
    <TargetFrameworkVersion>.NETCoreApp,Version=v8.0</TargetFrameworkVersion>
    <DesignMode>False</DesignMode>
    <CollectSourceInformation>False</CollectSourceInformation>
  </RunConfiguration>
  <LoggerRunSettings>
    <Loggers>
      <Logger friendlyName="blame" enabled="True" />
      <Logger friendlyName="Console" uri="logger://microsoft/TestPlatform/ConsoleLogger/v1" assemblyQualifiedName="Microsoft.VisualStudio.TestPlatform.CommandLine.Internal.ConsoleLogger, vstest.console, Version=15.0.0.0, Culture=neutral, PublicKeyToken=b03f5f7f11d50a3a" codeBase="C:\Program Files\dotnet\sdk\8.0.302\vstest.console.dll" enabled="True" />
    </Loggers>
  </LoggerRunSettings>
  <DataCollectionRunSettings>
    <DataCollectors>
      <DataCollector friendlyName="blame" enabled="True">
        <Configuration>
          <ResultsDirectory>C:\dev\dotnet\CloudCustomers\CloudCustomer.UnitTest\bin\Debug\net8.0\fine-code-coverage\coverage-tool-output</ResultsDirectory>
        </Configuration>
      </DataCollector>
    </DataCollectors>
  </DataCollectionRunSettings>
</RunSettings>

TpTrace Verbose: 0 : 3404, 1, 2024/07/23, 14:17:19.454, 10609476794337, vstest.console.dll, TestRunRequest.ExecuteAsync: Wait for the first run request is over.
TpTrace Verbose: 0 : 3404, 1, 2024/07/23, 14:17:19.455, 10609476796650, vstest.console.dll, MulticastDelegateUtilities.SafeInvoke: TestRun.TestRunStart: Invoking callbacks was skipped because there are no subscribers.
TpTrace Verbose: 0 : 3404, 4, 2024/07/23, 14:17:19.455, 10609476798448, vstest.console.dll, MulticastDelegateUtilities.SafeInvoke: InternalTestLoggerEvents.SendTestRunStart: Invoking callback 1/1 for Microsoft.VisualStudio.TestPlatform.CommandLine.Internal.ConsoleLogger., took 0 ms.
TpTrace Verbose: 0 : 3404, 1, 2024/07/23, 14:17:19.455, 10609476804901, vstest.console.dll, ParallelProxyExecutionManager: Start execution. Total sources: 1
TpTrace Verbose: 0 : 3404, 1, 2024/07/23, 14:17:19.456, 10609476807453, vstest.console.dll, ParallelOperationManager.StartWork: Starting adding 1 workloads.
TpTrace Verbose: 0 : 3404, 1, 2024/07/23, 14:17:19.456, 10609476808405, vstest.console.dll, ParallelOperationManager.ClearSlots: Clearing all slots. Slots should accept more work: True
TpTrace Verbose: 0 : 3404, 1, 2024/07/23, 14:17:19.456, 10609476808872, vstest.console.dll, ParallelOperationManager.SetOccupiedSlotCount: Setting slot counts AvailableSlotCount = 1, OccupiedSlotCount = 0.
TpTrace Verbose: 0 : 3404, 1, 2024/07/23, 14:17:19.456, 10609476809055, vstest.console.dll, Occupied slots:

TpTrace Verbose: 0 : 3404, 1, 2024/07/23, 14:17:19.457, 10609476820536, vstest.console.dll, TestRequestSender is acting as server.
TpTrace Verbose: 0 : 3404, 1, 2024/07/23, 14:17:19.459, 10609476842725, vstest.console.dll, ParallelOperationManager.RunWorkInParallel: Adding 1 workload to slot, remaining workloads 0.
TpTrace Verbose: 0 : 3404, 1, 2024/07/23, 14:17:19.459, 10609476843450, vstest.console.dll, ParallelOperationManager.SetOccupiedSlotCount: Setting slot counts AvailableSlotCount = 0, OccupiedSlotCount = 1.
TpTrace Verbose: 0 : 3404, 1, 2024/07/23, 14:17:19.459, 10609476844218, vstest.console.dll, Occupied slots:
0: C:\dev\dotnet\CloudCustomers\CloudCustomer.UnitTest\bin\Debug\net8.0\fine-code-coverage\build-output\CloudCustomer.UnitTest.dll
TpTrace Verbose: 0 : 3404, 1, 2024/07/23, 14:17:19.460, 10609476850669, vstest.console.dll, ParallelOperationManager.RunWorkInParallel: Started host in slot number 0 for work (source): C:\dev\dotnet\CloudCustomers\CloudCustomer.UnitTest\bin\Debug\net8.0\fine-code-coverage\build-output\CloudCustomer.UnitTest.dll.
TpTrace Verbose: 0 : 3404, 1, 2024/07/23, 14:17:19.461, 10609476860968, vstest.console.dll, ParallelOperationManager.RunWorkInParallel: We started 1 work items, which is the max parallel level. Won't start more work.
TpTrace Verbose: 0 : 3404, 1, 2024/07/23, 14:17:19.461, 10609476861631, vstest.console.dll, ParallelOperationManager.RunWorkInParallel: We started 1 work items in here, returning True.
TpTrace Information: 0 : 3404, 1, 2024/07/23, 14:17:19.461, 10609476862000, vstest.console.dll, TestRunRequest.ExecuteAsync: Started.
TpTrace Verbose: 0 : 3404, 5, 2024/07/23, 14:17:19.461, 10609476862218, vstest.console.dll, ParallelProxyExecutionManager.StartTestRunOnConcurrentManager: Initializing uninitialized client. Started clients: 0
TpTrace Verbose: 0 : 3404, 5, 2024/07/23, 14:17:19.461, 10609476864915, vstest.console.dll, DataCollectionRequestSender.InitializeCommunication : Initialize communication. 
TpTrace Verbose: 0 : 3404, 1, 2024/07/23, 14:17:19.462, 10609476866932, vstest.console.dll, TestRunRequest.WaitForCompletion: Waiting with timeout -1.
TpTrace Information: 0 : 3404, 5, 2024/07/23, 14:17:19.468, 10609476932706, vstest.console.dll, Listening on Endpoint : 127.0.0.1:52274
TpTrace Verbose: 0 : 3404, 5, 2024/07/23, 14:17:19.474, 10609476996641, vstest.console.dll, DotnetDataCollectionLauncher: Adding  --runtimeconfig "C:\Program Files\dotnet\sdk\8.0.302\datacollector.runtimeconfig.json" in args
TpTrace Verbose: 0 : 3404, 5, 2024/07/23, 14:17:19.475, 10609477001503, vstest.console.dll, DotnetDataCollectionLauncher: Adding  --depsfile "C:\Program Files\dotnet\sdk\8.0.302\datacollector.deps.json" in args
TpTrace Verbose: 0 : 3404, 5, 2024/07/23, 14:17:19.475, 10609477003143, vstest.console.dll, DotnetDataCollectionLauncher: Full path of dotnet.exe is C:\Program Files\dotnet\dotnet.exe
TpTrace Information: 0 : 3404, 5, 2024/07/23, 14:17:19.482, 10609477071175, vstest.console.dll, ProxyDataCollectionManager.Initialize: Launched datacollector processId: 55304 port: 52274
TpTrace Information: 0 : 3404, 5, 2024/07/23, 14:17:19.482, 10609477072888, vstest.console.dll, ProxyDataCollectionManager.Initialize: waiting for connection with timeout: 90 seconds
TpTrace Verbose: 0 : 3404, 5, 2024/07/23, 14:17:19.482, 10609477073832, vstest.console.dll, DataCollectionRequestSender.WaitForRequestHandlerConnection : Waiting for connection with timeout: 90000
TpTrace Information: 0 : 3404, 7, 2024/07/23, 14:17:19.584, 10609478089182, vstest.console.dll, Using the buffer size of 16384 bytes
TpTrace Verbose: 0 : 3404, 5, 2024/07/23, 14:17:19.584, 10609478089192, vstest.console.dll, SocketCommunicationManager.WaitForClientConnection took: 101 ms, with 90000 ms timeout, and finished with True.
TpTrace Information: 0 : 3404, 7, 2024/07/23, 14:17:19.584, 10609478090603, vstest.console.dll, Accepted Client request and set the flag
TpTrace Verbose: 0 : 3404, 5, 2024/07/23, 14:17:19.584, 10609478091087, vstest.console.dll, ProxyDataCollectionManager.InvokeDataCollectionServiceAction: Starting.
TpTrace Information: 0 : 3404, 5, 2024/07/23, 14:17:19.584, 10609478092002, vstest.console.dll, ProxyDataCollectionManager.BeforeTestRunStart: Get environment variable and port for datacollector processId: 55304 port: 52274
TpTrace Verbose: 0 : 3404, 5, 2024/07/23, 14:17:19.584, 10609478092817, vstest.console.dll, DataCollectionRequestSender.SendBeforeTestRunStartAndGetResult: Send BeforeTestRunStart message with settingsXml <RunSettings><RunConfiguration><ResultsDirectory>C:\dev\dotnet\CloudCustomers\CloudCustomer.UnitTest\bin\Debug\net8.0\fine-code-coverage\coverage-tool-output</ResultsDirectory><TargetPlatform>X64</TargetPlatform><TargetFrameworkVersion>.NETCoreApp,Version=v8.0</TargetFrameworkVersion><DesignMode>False</DesignMode><CollectSourceInformation>False</CollectSourceInformation><TestAdaptersPaths>C:\Program Files\dotnet\sdk\8.0.302\Extensions</TestAdaptersPaths></RunConfiguration><LoggerRunSettings><Loggers><Logger friendlyName="blame" enabled="True" /><Logger friendlyName="Console" uri="logger://microsoft/TestPlatform/ConsoleLogger/v1" assemblyQualifiedName="Microsoft.VisualStudio.TestPlatform.CommandLine.Internal.ConsoleLogger, vstest.console, Version=15.0.0.0, Culture=neutral, PublicKeyToken=b03f5f7f11d50a3a" codeBase="C:\Program Files\dotnet\sdk\8.0.302\vstest.console.dll" enabled="True" /></Loggers></LoggerRunSettings><DataCollectionRunSettings><DataCollectors><DataCollector friendlyName="blame" enabled="True"><Configuration><ResultsDirectory>C:\dev\dotnet\CloudCustomers\CloudCustomer.UnitTest\bin\Debug\net8.0\fine-code-coverage\coverage-tool-output</ResultsDirectory></Configuration></DataCollector></DataCollectors></DataCollectionRunSettings></RunSettings> and sources System.Collections.Generic.List`1[System.String]: 
TpTrace Verbose: 0 : 3404, 5, 2024/07/23, 14:17:19.628, 10609478530195, vstest.console.dll, DataCollectionRequestSender.SendBeforeTestRunStartAndGetResult: Received message: (DataCollection.SendMessage) -> {"MessageType":"DataCollection.SendMessage","Payload":{"FriendlyName":null,"Uri":null,"TestCaseId":"00000000-0000-0000-0000-000000000000","Message":"Logging DataCollector Diagnostics in file: C:\\dev\\dotnet\\CloudCustomers\\CloudCustomer.UnitTest\\bin\\Debug\\net8.0\\fine-code-coverage\\coverage-tool-output\\diagnostics.datacollector.24-07-23_14-17-19_47445_5.log","Level":0}}
TpTrace Verbose: 0 : 3404, 5, 2024/07/23, 14:17:19.703, 10609479279263, vstest.console.dll, DataCollectionRequestSender.SendBeforeTestRunStartAndGetResult: Received message: (DataCollection.BeforeTestRunStartResult) -> {"MessageType":"DataCollection.BeforeTestRunStartResult","Payload":{"EnvironmentVariables":{},"DataCollectionEventsPort":52276}}
TpTrace Information: 0 : 3404, 5, 2024/07/23, 14:17:19.706, 10609479312943, vstest.console.dll, ProxyDataCollectionManager.BeforeTestRunStart: SendBeforeTestRunStartAndGetResult successful, env variable from datacollector:   and testhost port: 52276
TpTrace Information: 0 : 3404, 5, 2024/07/23, 14:17:19.706, 10609479314097, vstest.console.dll, ProxyDataCollectionManager.InvokeDataCollectionServiceAction: Completed.
TpTrace Verbose: 0 : 3404, 5, 2024/07/23, 14:17:19.706, 10609479314317, vstest.console.dll, ParallelProxyExecutionManager.StartTestRunOnConcurrentManager: Initializing test run. Started clients: 0
TpTrace Verbose: 0 : 3404, 5, 2024/07/23, 14:17:19.706, 10609479314839, vstest.console.dll, ProxyExecutionManager: Test host is always Lazy initialize.
TpTrace Verbose: 0 : 3404, 5, 2024/07/23, 14:17:19.706, 10609479316543, vstest.console.dll, TestRequestSender.InitializeCommunication: initialize communication. 
TpTrace Information: 0 : 3404, 5, 2024/07/23, 14:17:19.707, 10609479321777, vstest.console.dll, SocketServer.Start: Listening on endpoint : 127.0.0.1:52277
TpTrace Verbose: 0 : 3404, 5, 2024/07/23, 14:17:19.708, 10609479326845, vstest.console.dll, DotnetTestHostmanager.GetTestHostProcessStartInfo: Platform environment 'X64' target architecture 'X64' framework '.NETCoreApp,Version=v8.0' OS 'Windows'
TpTrace Verbose: 0 : 3404, 5, 2024/07/23, 14:17:19.708, 10609479328330, vstest.console.dll, DotnetTestHostmanager: Adding  --runtimeconfig "C:\dev\dotnet\CloudCustomers\CloudCustomer.UnitTest\bin\Debug\net8.0\fine-code-coverage\build-output\CloudCustomer.UnitTest.runtimeconfig.json" in args
TpTrace Verbose: 0 : 3404, 5, 2024/07/23, 14:17:19.708, 10609479328762, vstest.console.dll, DotnetTestHostmanager: Adding  --depsfile "C:\dev\dotnet\CloudCustomers\CloudCustomer.UnitTest\bin\Debug\net8.0\fine-code-coverage\build-output\CloudCustomer.UnitTest.deps.json" in args
TpTrace Verbose: 0 : 3404, 5, 2024/07/23, 14:17:19.708, 10609479329989, vstest.console.dll, DotnetTestHostmanager.IsWinOnArm: Current PROCESSOR_ARCHITECTURE from environment variable 'AMD64'
TpTrace Verbose: 0 : 3404, 5, 2024/07/23, 14:17:19.708, 10609479330314, vstest.console.dll, DotnetTestHostmanager.IsWinOnArm: Is Windows on ARM 'False'
TpTrace Verbose: 0 : 3404, 5, 2024/07/23, 14:17:19.708, 10609479331490, vstest.console.dll, DotnetTestHostManager: testhost.exe found at path: C:\dev\dotnet\CloudCustomers\CloudCustomer.UnitTest\bin\Debug\net8.0\fine-code-coverage\build-output\testhost.exe
TpTrace Verbose: 0 : 3404, 5, 2024/07/23, 14:17:19.708, 10609479331739, vstest.console.dll, DotnetTestHostmanager: Full path of host exe is C:\dev\dotnet\CloudCustomers\CloudCustomer.UnitTest\bin\Debug\net8.0\fine-code-coverage\build-output\testhost.exe
TpTrace Verbose: 0 : 3404, 5, 2024/07/23, 14:17:19.708, 10609479332495, vstest.console.dll, DotnetTestHostmanager.LaunchTestHostAsync: Found 'VSTEST_WINAPPHOST_DOTNET_ROOT' in env variables, value 'C:\Program Files\dotnet', forwarding to 'DOTNET_ROOT'
TpTrace Verbose: 0 : 3404, 5, 2024/07/23, 14:17:19.708, 10609479333330, vstest.console.dll, DotnetTestHostManager: Starting process 'C:\dev\dotnet\CloudCustomers\CloudCustomer.UnitTest\bin\Debug\net8.0\fine-code-coverage\build-output\testhost.exe' with command line ' --runtimeconfig "C:\dev\dotnet\CloudCustomers\CloudCustomer.UnitTest\bin\Debug\net8.0\fine-code-coverage\build-output\CloudCustomer.UnitTest.runtimeconfig.json" --depsfile "C:\dev\dotnet\CloudCustomers\CloudCustomer.UnitTest\bin\Debug\net8.0\fine-code-coverage\build-output\CloudCustomer.UnitTest.deps.json" --port 52277 --endpoint 127.0.0.1:052277 --role client --parentprocessid 3404 --diag "C:\dev\dotnet\CloudCustomers\CloudCustomer.UnitTest\bin\Debug\net8.0\fine-code-coverage\coverage-tool-output\diagnostics.host.24-07-23_14-17-19_70777_5.log" --tracelevel 4 --datacollectionport 52276 --telemetryoptedin false'
TpTrace Verbose: 0 : 3404, 5, 2024/07/23, 14:17:19.714, 10609479388014, vstest.console.dll, MulticastDelegateUtilities.SafeInvoke: HostProviderEvents.OnHostLaunched: Invoking callback 1/2 for Microsoft.VisualStudio.TestPlatform.CrossPlatEngine.Client.ProxyExecutionManagerWithDataCollection., took 0 ms.
TpTrace Verbose: 0 : 3404, 5, 2024/07/23, 14:17:19.714, 10609479390529, vstest.console.dll, Test Runtime launched
TpTrace Verbose: 0 : 3404, 5, 2024/07/23, 14:17:19.714, 10609479390857, vstest.console.dll, MulticastDelegateUtilities.SafeInvoke: HostProviderEvents.OnHostLaunched: Invoking callback 2/2 for Microsoft.VisualStudio.TestPlatform.CrossPlatEngine.Client.ProxyOperationManager., took 0 ms.
TpTrace Verbose: 0 : 3404, 5, 2024/07/23, 14:17:19.714, 10609479391638, vstest.console.dll, TestRequestSender.WaitForRequestHandlerConnection: waiting for connection with timeout: 90000.
TpTrace Verbose: 0 : 3404, 7, 2024/07/23, 14:17:19.968, 10609481930746, vstest.console.dll, MulticastDelegateUtilities.SafeInvoke: SocketServer: ClientConnected: Invoking callback 1/1 for Microsoft.VisualStudio.TestPlatform.CommunicationUtilities.TestRequestSender., took 0 ms.
TpTrace Verbose: 0 : 3404, 5, 2024/07/23, 14:17:19.968, 10609481930745, vstest.console.dll, TestRequestSender.WaitForRequestHandlerConnection: waiting took 253 ms, with timeout 90000 ms, and result 0, which is success.
TpTrace Verbose: 0 : 3404, 7, 2024/07/23, 14:17:19.968, 10609481932609, vstest.console.dll, SocketServer.OnClientConnected: Client connected for endPoint: 127.0.0.1:52277, starting MessageLoopAsync:
TpTrace Verbose: 0 : 3404, 13, 2024/07/23, 14:17:19.969, 10609481938978, vstest.console.dll, TcpClientExtensions.MessageLoopAsync: Polling on remoteEndPoint: 127.0.0.1:52278 localEndPoint: 127.0.0.1:52277 after 0 ms
TpTrace Verbose: 0 : 3404, 5, 2024/07/23, 14:17:19.969, 10609481940433, vstest.console.dll, TestRequestSender.CheckVersionWithTestHost: Sending check version message: {"MessageType":"ProtocolVersion","Payload":7}
TpTrace Verbose: 0 : 3404, 13, 2024/07/23, 14:17:20.049, 10609482736736, vstest.console.dll, TcpClientExtensions.MessageLoopAsync: NotifyDataAvailable remoteEndPoint: 127.0.0.1:52278 localEndPoint: 127.0.0.1:52277
TpTrace Verbose: 0 : 3404, 13, 2024/07/23, 14:17:20.049, 10609482739734, vstest.console.dll, TestRequestSender.CheckVersionWithTestHost: onMessageReceived received message: (ProtocolVersion) -> {"MessageType":"ProtocolVersion","Payload":7}
TpTrace Verbose: 0 : 3404, 13, 2024/07/23, 14:17:20.050, 10609482748149, vstest.console.dll, MulticastDelegateUtilities.SafeInvoke: LengthPrefixCommunicationChannel: MessageReceived: Invoking callback 1/1 for Microsoft.VisualStudio.TestPlatform.CommunicationUtilities.TestRequestSender+<>c__DisplayClass29_0., took 0 ms.
TpTrace Verbose: 0 : 3404, 13, 2024/07/23, 14:17:20.050, 10609482748836, vstest.console.dll, TcpClientExtensions.MessageLoopAsync: Polling on remoteEndPoint: 127.0.0.1:52278 localEndPoint: 127.0.0.1:52277 after 80 ms
TpTrace Verbose: 0 : 3404, 5, 2024/07/23, 14:17:20.050, 10609482749399, vstest.console.dll, TestPluginCache.GetExtensionPaths: Filtered extension paths: 
TpTrace Verbose: 0 : 3404, 5, 2024/07/23, 14:17:20.050, 10609482750118, vstest.console.dll, TestPluginCache.GetExtensionPaths: Added default extension paths: C:\Program Files\dotnet\sdk\8.0.302\Extensions\Microsoft.Diagnostics.NETCore.Client.dll
C:\Program Files\dotnet\sdk\8.0.302\Extensions\Microsoft.TestPlatform.Extensions.BlameDataCollector.dll
C:\Program Files\dotnet\sdk\8.0.302\Extensions\Microsoft.TestPlatform.Extensions.EventLogCollector.dll
C:\Program Files\dotnet\sdk\8.0.302\Extensions\Microsoft.TestPlatform.TestHostRuntimeProvider.dll
C:\Program Files\dotnet\sdk\8.0.302\Extensions\Microsoft.VisualStudio.TestPlatform.Extensions.Html.TestLogger.dll
C:\Program Files\dotnet\sdk\8.0.302\Extensions\Microsoft.VisualStudio.TestPlatform.Extensions.Trx.TestLogger.dll
TpTrace Verbose: 0 : 3404, 5, 2024/07/23, 14:17:20.050, 10609482751405, vstest.console.dll, TestPluginCache.GetExtensionPaths: Added unfilterableExtensionPaths: 
TpTrace Verbose: 0 : 3404, 5, 2024/07/23, 14:17:20.052, 10609482769527, vstest.console.dll, TestRequestSender.InitializeExecution: Sending initialize execution with message: {"Version":7,"MessageType":"TestExecution.Initialize","Payload":["C:\\dev\\dotnet\\CloudCustomers\\CloudCustomer.UnitTest\\bin\\Debug\\net8.0\\fine-code-coverage\\build-output\\xunit.runner.visualstudio.dotnetcore.testadapter.dll"]}
TpTrace Verbose: 0 : 3404, 5, 2024/07/23, 14:17:20.052, 10609482771174, vstest.console.dll, ParallelProxyExecutionManager.StartTestRunOnConcurrentManager: Execution starting. Started clients: 1
TpTrace Verbose: 0 : 3404, 5, 2024/07/23, 14:17:20.052, 10609482772703, vstest.console.dll, TestRunRequest:SendTestRunMessage: Starting.
TpTrace Verbose: 0 : 3404, 5, 2024/07/23, 14:17:20.052, 10609482773773, vstest.console.dll, MulticastDelegateUtilities.SafeInvoke: TestRun.LogMessages: Invoking callback 1/1 for Microsoft.VisualStudio.TestPlatform.CommandLine.TestRunResultAggregator., took 0 ms.
TpTrace Information: 0 : 3404, 5, 2024/07/23, 14:17:20.052, 10609482774032, vstest.console.dll, TestRunRequest:SendTestRunMessage: Completed.
TpTrace Verbose: 0 : 3404, 4, 2024/07/23, 14:17:20.052, 10609482775816, vstest.console.dll, MulticastDelegateUtilities.SafeInvoke: InternalTestLoggerEvents.SendTestRunMessage: Invoking callback 1/1 for Microsoft.VisualStudio.TestPlatform.CommandLine.Internal.ConsoleLogger., took 0 ms.
TpTrace Warning: 0 : 3404, 5, 2024/07/23, 14:17:20.053, 10609482776660, vstest.console.dll, InferRunSettingsHelper.MakeRunsettingsCompatible: Removing the following settings: TargetPlatform from RunSettings file. To use those settings please move to latest version of Microsoft.NET.Test.Sdk
TpTrace Verbose: 0 : 3404, 13, 2024/07/23, 14:17:20.054, 10609482796553, vstest.console.dll, TcpClientExtensions.MessageLoopAsync: NotifyDataAvailable remoteEndPoint: 127.0.0.1:52278 localEndPoint: 127.0.0.1:52277
TpTrace Verbose: 0 : 3404, 13, 2024/07/23, 14:17:20.055, 10609482799340, vstest.console.dll, TestRequestSender.OnExecutionMessageReceived: Received message: {"Version":7,"MessageType":"TestSession.Message","Payload":{"MessageLevel":0,"Message":"Registro em log do diagnóstico TestHost no arquivo: C:\\dev\\dotnet\\CloudCustomers\\CloudCustomer.UnitTest\\bin\\Debug\\net8.0\\fine-code-coverage\\coverage-tool-output\\diagnostics.host.24-07-23_14-17-19_70777_5.log"}}
TpTrace Verbose: 0 : 3404, 13, 2024/07/23, 14:17:20.057, 10609482818139, vstest.console.dll, TestRunRequest:SendTestRunMessage: Starting.
TpTrace Verbose: 0 : 3404, 13, 2024/07/23, 14:17:20.057, 10609482819886, vstest.console.dll, MulticastDelegateUtilities.SafeInvoke: TestRun.LogMessages: Invoking callback 1/1 for Microsoft.VisualStudio.TestPlatform.CommandLine.TestRunResultAggregator., took 0 ms.
TpTrace Verbose: 0 : 3404, 4, 2024/07/23, 14:17:20.057, 10609482820283, vstest.console.dll, MulticastDelegateUtilities.SafeInvoke: InternalTestLoggerEvents.SendTestRunMessage: Invoking callback 1/1 for Microsoft.VisualStudio.TestPlatform.CommandLine.Internal.ConsoleLogger., took 0 ms.
TpTrace Information: 0 : 3404, 13, 2024/07/23, 14:17:20.057, 10609482820420, vstest.console.dll, TestRunRequest:SendTestRunMessage: Completed.
TpTrace Verbose: 0 : 3404, 13, 2024/07/23, 14:17:20.057, 10609482825886, vstest.console.dll, MulticastDelegateUtilities.SafeInvoke: LengthPrefixCommunicationChannel: MessageReceived: Invoking callback 1/1 for Microsoft.VisualStudio.TestPlatform.CommunicationUtilities.TestRequestSender+<>c__DisplayClass34_0., took 2 ms.
TpTrace Verbose: 0 : 3404, 13, 2024/07/23, 14:17:20.057, 10609482826436, vstest.console.dll, TcpClientExtensions.MessageLoopAsync: Polling on remoteEndPoint: 127.0.0.1:52278 localEndPoint: 127.0.0.1:52277 after 7 ms
TpTrace Verbose: 0 : 3404, 5, 2024/07/23, 14:17:20.058, 10609482835437, vstest.console.dll, TestRequestSender.StartTestRun: Sending test run with message: {"Version":7,"MessageType":"TestExecution.StartWithSources","Payload":{"AdapterSourceMap":{"_none_":["C:\\dev\\dotnet\\CloudCustomers\\CloudCustomer.UnitTest\\bin\\Debug\\net8.0\\fine-code-coverage\\build-output\\CloudCustomer.UnitTest.dll"]},"RunSettings":"<RunSettings>\r\n  <RunConfiguration>\r\n    <ResultsDirectory>C:\\dev\\dotnet\\CloudCustomers\\CloudCustomer.UnitTest\\bin\\Debug\\net8.0\\fine-code-coverage\\coverage-tool-output</ResultsDirectory>\r\n    <TargetFrameworkVersion>.NETCoreApp,Version=v8.0</TargetFrameworkVersion>\r\n    <DesignMode>False</DesignMode>\r\n    <CollectSourceInformation>False</CollectSourceInformation>\r\n  </RunConfiguration>\r\n  <LoggerRunSettings>\r\n    <Loggers>\r\n      <Logger friendlyName=\"blame\" enabled=\"True\" />\r\n      <Logger friendlyName=\"Console\" uri=\"logger://microsoft/TestPlatform/ConsoleLogger/v1\" assemblyQualifiedName=\"Microsoft.VisualStudio.TestPlatform.CommandLine.Internal.ConsoleLogger, vstest.console, Version=15.0.0.0, Culture=neutral, PublicKeyToken=b03f5f7f11d50a3a\" codeBase=\"C:\\Program Files\\dotnet\\sdk\\8.0.302\\vstest.console.dll\" enabled=\"True\" />\r\n    </Loggers>\r\n  </LoggerRunSettings>\r\n  <DataCollectionRunSettings>\r\n    <DataCollectors>\r\n      <DataCollector friendlyName=\"blame\" enabled=\"True\">\r\n        <Configuration>\r\n          <ResultsDirectory>C:\\dev\\dotnet\\CloudCustomers\\CloudCustomer.UnitTest\\bin\\Debug\\net8.0\\fine-code-coverage\\coverage-tool-output</ResultsDirectory>\r\n        </Configuration>\r\n      </DataCollector>\r\n    </DataCollectors>\r\n  </DataCollectionRunSettings>\r\n</RunSettings>","TestExecutionContext":{"FrequencyOfRunStatsChangeEvent":10,"RunStatsChangeEventTimeout":"00:00:01.5000000","InIsolation":false,"KeepAlive":false,"AreTestCaseLevelEventsRequired":false,"IsDebug":false,"TestCaseFilter":null,"FilterOptions":null},"Package":null}}
TpTrace Verbose: 0 : 3404, 5, 2024/07/23, 14:17:20.059, 10609482836934, vstest.console.dll, ParallelProxyExecutionManager.StartTestRunOnConcurrentManager: Execution started. Started clients: 1
TpTrace Verbose: 0 : 3404, 13, 2024/07/23, 14:17:20.139, 10609483636824, vstest.console.dll, TcpClientExtensions.MessageLoopAsync: NotifyDataAvailable remoteEndPoint: 127.0.0.1:52278 localEndPoint: 127.0.0.1:52277
TpTrace Verbose: 0 : 3404, 13, 2024/07/23, 14:17:20.139, 10609483638275, vstest.console.dll, TestRequestSender.OnExecutionMessageReceived: Received message: {"Version":7,"MessageType":"TestSession.Message","Payload":{"MessageLevel":0,"Message":"[xUnit.net 00:00:00.00] xUnit.net VSTest Adapter v2.5.3.1+6b60a9e56a (64-bit .NET 8.0.6)"}}
TpTrace Verbose: 0 : 3404, 13, 2024/07/23, 14:17:20.139, 10609483639698, vstest.console.dll, TestRunRequest:SendTestRunMessage: Starting.
TpTrace Verbose: 0 : 3404, 13, 2024/07/23, 14:17:20.139, 10609483640085, vstest.console.dll, MulticastDelegateUtilities.SafeInvoke: TestRun.LogMessages: Invoking callback 1/1 for Microsoft.VisualStudio.TestPlatform.CommandLine.TestRunResultAggregator., took 0 ms.
TpTrace Information: 0 : 3404, 13, 2024/07/23, 14:17:20.139, 10609483640301, vstest.console.dll, TestRunRequest:SendTestRunMessage: Completed.
TpTrace Verbose: 0 : 3404, 13, 2024/07/23, 14:17:20.139, 10609483640440, vstest.console.dll, MulticastDelegateUtilities.SafeInvoke: LengthPrefixCommunicationChannel: MessageReceived: Invoking callback 1/1 for Microsoft.VisualStudio.TestPlatform.CommunicationUtilities.TestRequestSender+<>c__DisplayClass34_0., took 0 ms.
TpTrace Verbose: 0 : 3404, 13, 2024/07/23, 14:17:20.139, 10609483640578, vstest.console.dll, TcpClientExtensions.MessageLoopAsync: Polling on remoteEndPoint: 127.0.0.1:52278 localEndPoint: 127.0.0.1:52277 after 81 ms
TpTrace Verbose: 0 : 3404, 4, 2024/07/23, 14:17:20.139, 10609483642037, vstest.console.dll, MulticastDelegateUtilities.SafeInvoke: InternalTestLoggerEvents.SendTestRunMessage: Invoking callback 1/1 for Microsoft.VisualStudio.TestPlatform.CommandLine.Internal.ConsoleLogger., took 0 ms.
TpTrace Verbose: 0 : 3404, 13, 2024/07/23, 14:17:20.188, 10609484128169, vstest.console.dll, TcpClientExtensions.MessageLoopAsync: NotifyDataAvailable remoteEndPoint: 127.0.0.1:52278 localEndPoint: 127.0.0.1:52277
TpTrace Verbose: 0 : 3404, 13, 2024/07/23, 14:17:20.188, 10609484129739, vstest.console.dll, TestRequestSender.OnExecutionMessageReceived: Received message: {"Version":7,"MessageType":"TestSession.Message","Payload":{"MessageLevel":0,"Message":"[xUnit.net 00:00:00.05]   Discovering: CloudCustomer.UnitTest"}}
TpTrace Verbose: 0 : 3404, 13, 2024/07/23, 14:17:20.188, 10609484131227, vstest.console.dll, TestRunRequest:SendTestRunMessage: Starting.
TpTrace Verbose: 0 : 3404, 13, 2024/07/23, 14:17:20.188, 10609484131941, vstest.console.dll, MulticastDelegateUtilities.SafeInvoke: TestRun.LogMessages: Invoking callback 1/1 for Microsoft.VisualStudio.TestPlatform.CommandLine.TestRunResultAggregator., took 0 ms.
TpTrace Information: 0 : 3404, 13, 2024/07/23, 14:17:20.188, 10609484132265, vstest.console.dll, TestRunRequest:SendTestRunMessage: Completed.
TpTrace Verbose: 0 : 3404, 13, 2024/07/23, 14:17:20.188, 10609484132692, vstest.console.dll, MulticastDelegateUtilities.SafeInvoke: LengthPrefixCommunicationChannel: MessageReceived: Invoking callback 1/1 for Microsoft.VisualStudio.TestPlatform.CommunicationUtilities.TestRequestSender+<>c__DisplayClass34_0., took 0 ms.
TpTrace Verbose: 0 : 3404, 4, 2024/07/23, 14:17:20.188, 10609484133267, vstest.console.dll, MulticastDelegateUtilities.SafeInvoke: InternalTestLoggerEvents.SendTestRunMessage: Invoking callback 1/1 for Microsoft.VisualStudio.TestPlatform.CommandLine.Internal.ConsoleLogger., took 0 ms.
TpTrace Verbose: 0 : 3404, 13, 2024/07/23, 14:17:20.188, 10609484133339, vstest.console.dll, TcpClientExtensions.MessageLoopAsync: Polling on remoteEndPoint: 127.0.0.1:52278 localEndPoint: 127.0.0.1:52277 after 49 ms
TpTrace Verbose: 0 : 3404, 13, 2024/07/23, 14:17:20.208, 10609484330452, vstest.console.dll, TcpClientExtensions.MessageLoopAsync: NotifyDataAvailable remoteEndPoint: 127.0.0.1:52278 localEndPoint: 127.0.0.1:52277
TpTrace Verbose: 0 : 3404, 13, 2024/07/23, 14:17:20.208, 10609484332805, vstest.console.dll, TestRequestSender.OnExecutionMessageReceived: Received message: {"Version":7,"MessageType":"TestSession.Message","Payload":{"MessageLevel":0,"Message":"[xUnit.net 00:00:00.07]   Discovered:  CloudCustomer.UnitTest"}}
TpTrace Verbose: 0 : 3404, 13, 2024/07/23, 14:17:20.208, 10609484334425, vstest.console.dll, TestRunRequest:SendTestRunMessage: Starting.
TpTrace Verbose: 0 : 3404, 13, 2024/07/23, 14:17:20.208, 10609484335450, vstest.console.dll, MulticastDelegateUtilities.SafeInvoke: TestRun.LogMessages: Invoking callback 1/1 for Microsoft.VisualStudio.TestPlatform.CommandLine.TestRunResultAggregator., took 0 ms.
TpTrace Information: 0 : 3404, 13, 2024/07/23, 14:17:20.208, 10609484335714, vstest.console.dll, TestRunRequest:SendTestRunMessage: Completed.
TpTrace Verbose: 0 : 3404, 13, 2024/07/23, 14:17:20.208, 10609484335893, vstest.console.dll, MulticastDelegateUtilities.SafeInvoke: LengthPrefixCommunicationChannel: MessageReceived: Invoking callback 1/1 for Microsoft.VisualStudio.TestPlatform.CommunicationUtilities.TestRequestSender+<>c__DisplayClass34_0., took 0 ms.
TpTrace Verbose: 0 : 3404, 13, 2024/07/23, 14:17:20.208, 10609484336127, vstest.console.dll, TcpClientExtensions.MessageLoopAsync: Polling on remoteEndPoint: 127.0.0.1:52278 localEndPoint: 127.0.0.1:52277 after 20 ms
TpTrace Verbose: 0 : 3404, 4, 2024/07/23, 14:17:20.208, 10609484336452, vstest.console.dll, MulticastDelegateUtilities.SafeInvoke: InternalTestLoggerEvents.SendTestRunMessage: Invoking callback 1/1 for Microsoft.VisualStudio.TestPlatform.CommandLine.Internal.ConsoleLogger., took 0 ms.
TpTrace Verbose: 0 : 3404, 13, 2024/07/23, 14:17:20.210, 10609484353680, vstest.console.dll, TcpClientExtensions.MessageLoopAsync: NotifyDataAvailable remoteEndPoint: 127.0.0.1:52278 localEndPoint: 127.0.0.1:52277
TpTrace Verbose: 0 : 3404, 13, 2024/07/23, 14:17:20.210, 10609484355140, vstest.console.dll, TestRequestSender.OnExecutionMessageReceived: Received message: {"Version":7,"MessageType":"TestSession.Message","Payload":{"MessageLevel":0,"Message":"[xUnit.net 00:00:00.07]   Starting:    CloudCustomer.UnitTest"}}
TpTrace Verbose: 0 : 3404, 13, 2024/07/23, 14:17:20.210, 10609484356157, vstest.console.dll, TestRunRequest:SendTestRunMessage: Starting.
TpTrace Verbose: 0 : 3404, 13, 2024/07/23, 14:17:20.210, 10609484356531, vstest.console.dll, MulticastDelegateUtilities.SafeInvoke: TestRun.LogMessages: Invoking callback 1/1 for Microsoft.VisualStudio.TestPlatform.CommandLine.TestRunResultAggregator., took 0 ms.
TpTrace Information: 0 : 3404, 13, 2024/07/23, 14:17:20.211, 10609484356691, vstest.console.dll, TestRunRequest:SendTestRunMessage: Completed.
TpTrace Verbose: 0 : 3404, 13, 2024/07/23, 14:17:20.211, 10609484356871, vstest.console.dll, MulticastDelegateUtilities.SafeInvoke: LengthPrefixCommunicationChannel: MessageReceived: Invoking callback 1/1 for Microsoft.VisualStudio.TestPlatform.CommunicationUtilities.TestRequestSender+<>c__DisplayClass34_0., took 0 ms.
TpTrace Verbose: 0 : 3404, 13, 2024/07/23, 14:17:20.211, 10609484357111, vstest.console.dll, TcpClientExtensions.MessageLoopAsync: Polling on remoteEndPoint: 127.0.0.1:52278 localEndPoint: 127.0.0.1:52277 after 2 ms
TpTrace Verbose: 0 : 3404, 4, 2024/07/23, 14:17:20.211, 10609484357489, vstest.console.dll, MulticastDelegateUtilities.SafeInvoke: InternalTestLoggerEvents.SendTestRunMessage: Invoking callback 1/1 for Microsoft.VisualStudio.TestPlatform.CommandLine.Internal.ConsoleLogger., took 0 ms.
TpTrace Verbose: 0 : 3404, 13, 2024/07/23, 14:17:20.324, 10609485489437, vstest.console.dll, TcpClientExtensions.MessageLoopAsync: NotifyDataAvailable remoteEndPoint: 127.0.0.1:52278 localEndPoint: 127.0.0.1:52277
TpTrace Verbose: 0 : 3404, 13, 2024/07/23, 14:17:20.324, 10609485493014, vstest.console.dll, TestRequestSender.OnExecutionMessageReceived: Received message: {"Version":7,"MessageType":"TestSession.Message","Payload":{"MessageLevel":0,"Message":"[xUnit.net 00:00:00.18]   Finished:    CloudCustomer.UnitTest"}}
TpTrace Verbose: 0 : 3404, 13, 2024/07/23, 14:17:20.324, 10609485496017, vstest.console.dll, TestRunRequest:SendTestRunMessage: Starting.
TpTrace Verbose: 0 : 3404, 13, 2024/07/23, 14:17:20.325, 10609485497008, vstest.console.dll, MulticastDelegateUtilities.SafeInvoke: TestRun.LogMessages: Invoking callback 1/1 for Microsoft.VisualStudio.TestPlatform.CommandLine.TestRunResultAggregator., took 0 ms.
TpTrace Information: 0 : 3404, 13, 2024/07/23, 14:17:20.325, 10609485497380, vstest.console.dll, TestRunRequest:SendTestRunMessage: Completed.
TpTrace Verbose: 0 : 3404, 13, 2024/07/23, 14:17:20.325, 10609485497785, vstest.console.dll, MulticastDelegateUtilities.SafeInvoke: LengthPrefixCommunicationChannel: MessageReceived: Invoking callback 1/1 for Microsoft.VisualStudio.TestPlatform.CommunicationUtilities.TestRequestSender+<>c__DisplayClass34_0., took 0 ms.
TpTrace Verbose: 0 : 3404, 4, 2024/07/23, 14:17:20.325, 10609485497841, vstest.console.dll, MulticastDelegateUtilities.SafeInvoke: InternalTestLoggerEvents.SendTestRunMessage: Invoking callback 1/1 for Microsoft.VisualStudio.TestPlatform.CommandLine.Internal.ConsoleLogger., took 0 ms.
TpTrace Verbose: 0 : 3404, 13, 2024/07/23, 14:17:20.325, 10609485498495, vstest.console.dll, TcpClientExtensions.MessageLoopAsync: Polling on remoteEndPoint: 127.0.0.1:52278 localEndPoint: 127.0.0.1:52277 after 114 ms
TpTrace Verbose: 0 : 3404, 13, 2024/07/23, 14:17:20.379, 10609486036701, vstest.console.dll, TcpClientExtensions.MessageLoopAsync: NotifyDataAvailable remoteEndPoint: 127.0.0.1:52278 localEndPoint: 127.0.0.1:52277
TpTrace Verbose: 0 : 3404, 13, 2024/07/23, 14:17:20.379, 10609486039626, vstest.console.dll, TestRequestSender.OnExecutionMessageReceived: Received message: {"Version":7,"MessageType":"TestExecution.Completed","Payload":{"TestRunCompleteArgs":{"TestRunStatistics":{"ExecutedTests":2,"Stats":{"Passed":2}},"IsCanceled":false,"IsAborted":false,"Error":null,"AttachmentSets":[],"InvokedDataCollectors":[],"ElapsedTimeInRunningTests":"00:00:00.1956545","Metrics":{},"DiscoveredExtensions":{"TestDiscoverers":["Xunit.Runner.VisualStudio.VsTestRunner, xunit.runner.visualstudio.dotnetcore.testadapter, Version=2.5.0.0, Culture=neutral, PublicKeyToken=null"],"TestExecutors":["executor://xunit/VsTestRunner2/netcoreapp"],"TestExecutors2":[],"TestSettingsProviders":[]}},"LastRunTests":{"NewTestResults":[{"TestCase":{"Id":"bc27057e-98ad-1cc0-0fb4-12f0460ff558","FullyQualifiedName":"CloudCustomer.UnitTest.Systems.Controllers.TestUserControllers.Get_OnSuccess_InvokesUserServiceExactlyOnce","DisplayName":"CloudCustomer.UnitTest.Systems.Controllers.TestUserControllers.Get_OnSuccess_InvokesUserServiceExactlyOnce","ExecutorUri":"executor://xunit/VsTestRunner2/netcoreapp","Source":"C:\\dev\\dotnet\\CloudCustomers\\CloudCustomer.UnitTest\\bin\\Debug\\net8.0\\fine-code-coverage\\build-output\\CloudCustomer.UnitTest.dll","CodeFilePath":null,"LineNumber":0,"Properties":[]},"Attachments":[],"Outcome":1,"ErrorMessage":null,"ErrorStackTrace":null,"DisplayName":"CloudCustomer.UnitTest.Systems.Controllers.TestUserControllers.Get_OnSuccess_InvokesUserServiceExactlyOnce","Messages":[],"ComputerName":"GR-TEC32","Duration":"00:00:00.0508221","StartTime":"2024-07-23T17:17:20.2903602+00:00","EndTime":"2024-07-23T17:17:20.2903784+00:00","Properties":[]},{"TestCase":{"Id":"5497cc92-abf1-a78e-90fc-0fd263f0b876","FullyQualifiedName":"CloudCustomer.UnitTest.Systems.Controllers.TestUserControllers.Get_OnSuccess_ReturnStatusCode200","DisplayName":"CloudCustomer.UnitTest.Systems.Controllers.TestUserControllers.Get_OnSuccess_ReturnStatusCode200","ExecutorUri":"executor://xunit/VsTestRunner2/netcoreapp","Source":"C:\\dev\\dotnet\\CloudCustomers\\CloudCustomer.UnitTest\\bin\\Debug\\net8.0\\fine-code-coverage\\build-output\\CloudCustomer.UnitTest.dll","CodeFilePath":null,"LineNumber":0,"Properties":[]},"Attachments":[],"Outcome":1,"ErrorMessage":null,"ErrorStackTrace":null,"DisplayName":"CloudCustomer.UnitTest.Systems.Controllers.TestUserControllers.Get_OnSuccess_ReturnStatusCode200","Messages":[],"ComputerName":"GR-TEC32","Duration":"00:00:00.0200854","StartTime":"2024-07-23T17:17:20.3094721+00:00","EndTime":"2024-07-23T17:17:20.3094723+00:00","Properties":[]}],"TestRunStatistics":{"ExecutedTests":2,"Stats":{"Passed":2}},"ActiveTests":[]},"RunAttachments":[],"ExecutorUris":["executor://xunit/VsTestRunner2/netcoreapp"]}}
TpTrace Verbose: 0 : 3404, 13, 2024/07/23, 14:17:20.379, 10609486040866, vstest.console.dll, TestRequestSender.EndSession: Sending end session.
TpTrace Verbose: 0 : 3404, 13, 2024/07/23, 14:17:20.379, 10609486042762, vstest.console.dll, ProxyOperationManager.Close: waiting for test host to exit for 100 ms
TpTrace Verbose: 0 : 3404, 11, 2024/07/23, 14:17:20.412, 10609486370400, vstest.console.dll, TestHostManagerCallbacks.ctor: Experimental forwarding output is disabled.
TpTrace Warning: 0 : 3404, 11, 2024/07/23, 14:17:20.412, 10609486372384, vstest.console.dll, TestHostManagerCallbacks.ErrorReceivedCallback Test host standard error line: 
TpTrace Verbose: 0 : 3404, 11, 2024/07/23, 14:17:20.426, 10609486508969, vstest.console.dll, TestHostProvider.ExitCallBack: Host exited starting callback.
TpTrace Information: 0 : 3404, 11, 2024/07/23, 14:17:20.426, 10609486512316, vstest.console.dll, TestHostManagerCallbacks.ExitCallBack: Testhost processId: 47308 exited with exitcode: 0 error: ''
TpTrace Verbose: 0 : 3404, 11, 2024/07/23, 14:17:20.426, 10609486513024, vstest.console.dll, DotnetTestHostManager.OnHostExited: invoking OnHostExited callback
TpTrace Verbose: 0 : 3404, 11, 2024/07/23, 14:17:20.426, 10609486515039, vstest.console.dll, CrossPlatEngine.TestHostManagerHostExited: calling on client process exit callback.
TpTrace Information: 0 : 3404, 11, 2024/07/23, 14:17:20.426, 10609486516296, vstest.console.dll, TestRequestSender.OnClientProcessExit: Test host process exited. Standard error: 
TpTrace Information: 0 : 3404, 13, 2024/07/23, 14:17:20.427, 10609486519371, vstest.console.dll, SocketServer.Stop: Stop server endPoint: 127.0.0.1:52277
TpTrace Information: 0 : 3404, 13, 2024/07/23, 14:17:20.427, 10609486520397, vstest.console.dll, SocketServer.Stop: Cancellation requested. Stopping message loop.
TpTrace Information: 0 : 3404, 13, 2024/07/23, 14:17:20.427, 10609486522310, vstest.console.dll, Closing the connection
TpTrace Information: 0 : 3404, 11, 2024/07/23, 14:17:20.427, 10609486526210, vstest.console.dll, SocketServer.Stop: Stop server endPoint: 127.0.0.1:52277
TpTrace Information: 0 : 3404, 11, 2024/07/23, 14:17:20.428, 10609486527070, vstest.console.dll, SocketServer.Stop: Cancellation requested. Stopping message loop.
TpTrace Verbose: 0 : 3404, 11, 2024/07/23, 14:17:20.428, 10609486527619, vstest.console.dll, MulticastDelegateUtilities.SafeInvoke: HostProviderEvents.OnHostExited: Invoking callback 1/1 for Microsoft.VisualStudio.TestPlatform.CrossPlatEngine.Client.ProxyOperationManager., took 1 ms.
TpTrace Verbose: 0 : 3404, 13, 2024/07/23, 14:17:20.428, 10609486531570, vstest.console.dll, ProxyDataCollectionManager.InvokeDataCollectionServiceAction: Starting.
TpTrace Information: 0 : 3404, 13, 2024/07/23, 14:17:20.428, 10609486532637, vstest.console.dll, ProxyDataCollectionManager.AfterTestRunEnd: Get attachment set and invoked data collectors processId: 55304 port: 52274
TpTrace Verbose: 0 : 3404, 13, 2024/07/23, 14:17:20.428, 10609486533346, vstest.console.dll, DataCollectionRequestSender.SendAfterTestRunStartAndGetResult: Send AfterTestRunEnd message with isCancelled: False
TpTrace Verbose: 0 : 3404, 13, 2024/07/23, 14:17:20.436, 10609486610130, vstest.console.dll, DataCollectionRequestSender.SendAfterTestRunStartAndGetResult: Received message: (DataCollection.AfterTestRunEndResult) -> {"MessageType":"DataCollection.AfterTestRunEndResult","Payload":{"AttachmentSets":[],"InvokedDataCollectors":[{"Uri":"datacollector://Microsoft/TestPlatform/Extensions/Blame/v1","FriendlyName":"Blame","AssemblyQualifiedName":"Microsoft.TestPlatform.Extensions.BlameDataCollector.BlameCollector, Microsoft.TestPlatform.Extensions.BlameDataCollector, Version=15.0.0.0, Culture=neutral, PublicKeyToken=b03f5f7f11d50a3a","FilePath":"C:\\Program Files\\dotnet\\sdk\\8.0.302\\Extensions\\Microsoft.TestPlatform.Extensions.BlameDataCollector.dll","HasAttachmentProcessor":false}],"Metrics":{}}}
TpTrace Information: 0 : 3404, 13, 2024/07/23, 14:17:20.444, 10609486693628, vstest.console.dll, ProxyDataCollectionManager.InvokeDataCollectionServiceAction: Completed.
TpTrace Warning: 0 : 3404, 10, 2024/07/23, 14:17:20.454, 10609486794816, vstest.console.dll, DataCollectionLauncher.ErrorReceivedCallback datacollector standard error line: 
TpTrace Information: 0 : 3404, 10, 2024/07/23, 14:17:20.465, 10609486900223, vstest.console.dll, DataCollectionLauncher.ExitCallBack: Data collector exited with exitcode: 0 error: ''
TpTrace Verbose: 0 : 3404, 13, 2024/07/23, 14:17:20.502, 10609487269168, vstest.console.dll, TestRunRequest:SendTestRunStatsChange: Starting.
TpTrace Verbose: 0 : 3404, 13, 2024/07/23, 14:17:20.502, 10609487272105, vstest.console.dll, MulticastDelegateUtilities.SafeInvoke: TestRun.RunStatsChanged: Invoking callbacks was skipped because there are no subscribers.
TpTrace Information: 0 : 3404, 13, 2024/07/23, 14:17:20.502, 10609487272476, vstest.console.dll, TestRunRequest:SendTestRunStatsChange: Completed.
TpTrace Verbose: 0 : 3404, 13, 2024/07/23, 14:17:20.502, 10609487274879, vstest.console.dll, ParallelProxyExecutionManager: HandlePartialRunComplete: Total workloads = 1, Total started clients = 1 Total completed clients = 1, Run complete = True, Run canceled: False.
TpTrace Verbose: 0 : 3404, 13, 2024/07/23, 14:17:20.502, 10609487275165, vstest.console.dll, ParallelProxyExecutionManager: HandlePartialRunComplete: All runs completed stopping all managers.
TpTrace Verbose: 0 : 3404, 13, 2024/07/23, 14:17:20.502, 10609487275404, vstest.console.dll, ParallelOperationManager.StopAllManagers: Stopping all managers.
TpTrace Verbose: 0 : 3404, 13, 2024/07/23, 14:17:20.502, 10609487275574, vstest.console.dll, ParallelOperationManager.ClearSlots: Clearing all slots. Slots should accept more work: False
TpTrace Verbose: 0 : 3404, 13, 2024/07/23, 14:17:20.502, 10609487275834, vstest.console.dll, ParallelOperationManager.SetOccupiedSlotCount: Setting slot counts AvailableSlotCount = 1, OccupiedSlotCount = 0.
TpTrace Verbose: 0 : 3404, 13, 2024/07/23, 14:17:20.502, 10609487276213, vstest.console.dll, Occupied slots:

TpTrace Verbose: 0 : 3404, 4, 2024/07/23, 14:17:20.503, 10609487284043, vstest.console.dll, MulticastDelegateUtilities.SafeInvoke: InternalTestLoggerEvents.SendTestResult: Invoking callback 1/1 for Microsoft.VisualStudio.TestPlatform.CommandLine.Internal.ConsoleLogger., took 1 ms.
TpTrace Verbose: 0 : 3404, 4, 2024/07/23, 14:17:20.504, 10609487287568, vstest.console.dll, MulticastDelegateUtilities.SafeInvoke: InternalTestLoggerEvents.SendTestResult: Invoking callback 1/1 for Microsoft.VisualStudio.TestPlatform.CommandLine.Internal.ConsoleLogger., took 0 ms.
TpTrace Verbose: 0 : 3404, 4, 2024/07/23, 14:17:20.510, 10609487348871, vstest.console.dll, MulticastDelegateUtilities.SafeInvoke: InternalTestLoggerEvents.SendTestRunComplete: Invoking callback 1/2 for Microsoft.TestPlatform.Extensions.BlameDataCollector.BlameLogger., took 0 ms.
TpTrace Verbose: 0 : 3404, 4, 2024/07/23, 14:17:20.517, 10609487425210, vstest.console.dll, MulticastDelegateUtilities.SafeInvoke: InternalTestLoggerEvents.SendTestRunComplete: Invoking callback 2/2 for Microsoft.VisualStudio.TestPlatform.CommandLine.Internal.ConsoleLogger., took 7 ms.
TpTrace Verbose: 0 : 3404, 13, 2024/07/23, 14:17:20.518, 10609487430685, vstest.console.dll, TestRunRequest:TestRunComplete: Starting. IsAborted:False IsCanceled:False.
TpTrace Verbose: 0 : 3404, 13, 2024/07/23, 14:17:20.518, 10609487432283, vstest.console.dll, ParallelOperationManager.DoActionOnAllManagers: Calling an action on all managers.
TpTrace Verbose: 0 : 3404, 13, 2024/07/23, 14:17:20.520, 10609487454291, vstest.console.dll, TestLoggerManager.HandleTestRunComplete: Ignoring as the object is disposed.
TpTrace Verbose: 0 : 3404, 13, 2024/07/23, 14:17:20.521, 10609487458388, vstest.console.dll, MulticastDelegateUtilities.SafeInvoke: TestRun.TestRunComplete: Invoking callback 1/2 for Microsoft.VisualStudio.TestPlatform.CommandLine.TestRunResultAggregator., took 0 ms.
TpTrace Verbose: 0 : 3404, 13, 2024/07/23, 14:17:20.521, 10609487459859, vstest.console.dll, MulticastDelegateUtilities.SafeInvoke: TestRun.TestRunComplete: Invoking callback 2/2 for Microsoft.VisualStudio.TestPlatform.CommandLine.Processors.RunTestsArgumentExecutor+TestRunRequestEventsRegistrar., took 0 ms.
TpTrace Information: 0 : 3404, 13, 2024/07/23, 14:17:20.521, 10609487461005, vstest.console.dll, TestRunRequest:TestRunComplete: Completed.
TpTrace Verbose: 0 : 3404, 13, 2024/07/23, 14:17:20.521, 10609487461313, vstest.console.dll, TestRequestSender.SetOperationComplete: Setting operation complete.
TpTrace Verbose: 0 : 3404, 1, 2024/07/23, 14:17:20.521, 10609487461231, vstest.console.dll, TestRunRequest.Dispose: Starting.
TpTrace Information: 0 : 3404, 13, 2024/07/23, 14:17:20.521, 10609487461496, vstest.console.dll, SocketServer.Stop: Stop server endPoint: 127.0.0.1:52277
TpTrace Information: 0 : 3404, 13, 2024/07/23, 14:17:20.521, 10609487462149, vstest.console.dll, SocketServer.Stop: Cancellation requested. Stopping message loop.
TpTrace Information: 0 : 3404, 1, 2024/07/23, 14:17:20.521, 10609487462286, vstest.console.dll, TestRunRequest.Dispose: Completed.
TpTrace Verbose: 0 : 3404, 13, 2024/07/23, 14:17:20.521, 10609487462526, vstest.console.dll, MulticastDelegateUtilities.SafeInvoke: LengthPrefixCommunicationChannel: MessageReceived: Invoking callback 1/1 for Microsoft.VisualStudio.TestPlatform.CommunicationUtilities.TestRequestSender+<>c__DisplayClass34_0., took 142 ms.
TpTrace Information: 0 : 3404, 1, 2024/07/23, 14:17:20.521, 10609487463384, vstest.console.dll, TestRequestManager.RunTests: run tests completed.
TpTrace Information: 0 : 3404, 13, 2024/07/23, 14:17:20.521, 10609487463451, vstest.console.dll, SocketServer.PrivateStop: Stopping server endPoint: 127.0.0.1:52277 error: 
TpTrace Information: 0 : 3404, 1, 2024/07/23, 14:17:20.521, 10609487464871, vstest.console.dll, RunTestsArgumentProcessor:Execute: Test run is completed.
TpTrace Verbose: 0 : 3404, 1, 2024/07/23, 14:17:20.522, 10609487468993, vstest.console.dll, Executor.Execute: Exiting with exit code of 0
TpTrace Verbose: 0 : 3404, 13, 2024/07/23, 14:17:20.522, 10609487470440, vstest.console.dll, LengthPrefixCommunicationChannel.Dispose: Dispose reader and writer.
TpTrace Information: 0 : 3404, 13, 2024/07/23, 14:17:20.522, 10609487471471, vstest.console.dll, SocketServer.Stop: Raise disconnected event endPoint: 127.0.0.1:52277 error: 
TpTrace Verbose: 0 : 3404, 13, 2024/07/23, 14:17:20.522, 10609487472560, vstest.console.dll, TestRequestSender: OnTestRunAbort: Operation is already complete. Skip error message.
TpTrace Verbose: 0 : 3404, 13, 2024/07/23, 14:17:20.522, 10609487472977, vstest.console.dll, MulticastDelegateUtilities.SafeInvoke: SocketServer: ClientDisconnected: Invoking callback 1/1 for Microsoft.VisualStudio.TestPlatform.CommunicationUtilities.TestRequestSender., took 0 ms.
TpTrace Verbose: 0 : 3404, 13, 2024/07/23, 14:17:20.522, 10609487473240, vstest.console.dll, TcpClientExtensions.MessageLoopAsync: exiting MessageLoopAsync remoteEndPoint: 127.0.0.1:52278 localEndPoint: 127.0.0.1:52277
